#
# There is insufficient memory for the Java Runtime Environment to continue.
# Native memory allocation (malloc) failed to allocate 1551376 bytes for Chunk::new
# Possible reasons:
#   The system is out of physical RAM or swap space
#   The process is running with CompressedOops enabled, and the Java Heap may be blocking the growth of the native heap
# Possible solutions:
#   Reduce memory load on the system
#   Increase physical memory or swap space
#   Check if swap backing store is full
#   Decrease Java heap size (-Xmx/-Xms)
#   Decrease number of Java threads
#   Decrease Java thread stack sizes (-Xss)
#   Set larger code cache with -XX:ReservedCodeCacheSize=
#   JVM is running with Zero Based Compressed Oops mode in which the Java heap is
#     placed in the first 32GB address space. The Java Heap base address is the
#     maximum limit for the native heap growth. Please use -XX:HeapBaseMinAddress
#     to set the Java Heap base and to place the Java Heap above 32GB virtual address.
# This output file may be truncated or incomplete.
#
#  Out of Memory Error (arena.cpp:189), pid=16444, tid=18152
#
# JRE version: Java(TM) SE Runtime Environment (17.0.12+8) (build 17.0.12+8-LTS-286)
# Java VM: Java HotSpot(TM) 64-Bit Server VM (17.0.12+8-LTS-286, mixed mode, sharing, tiered, compressed oops, compressed class ptrs, g1 gc, windows-amd64)
# No core dump will be written. Minidumps are not enabled by default on client versions of Windows
#

---------------  S U M M A R Y ------------

Command Line: -Dclassworlds.conf=C:\Users\fatta\.m2\wrapper\dists\apache-maven-3.9.9\977a63e90f436cd6ade95b4c0e10c20c\bin\m2.conf -Dmaven.home=C:\Users\fatta\.m2\wrapper\dists\apache-maven-3.9.9\977a63e90f436cd6ade95b4c0e10c20c -Dlibrary.jansi.path=C:\Users\fatta\.m2\wrapper\dists\apache-maven-3.9.9\977a63e90f436cd6ade95b4c0e10c20c\lib\jansi-native -Dmaven.multiModuleProjectDirectory=D:\Fattah\KULIAH\Semester 6\Praktikum Sistem Basis Data\Modul 2\sbd_modul2_kel46 org.codehaus.plexus.classworlds.launcher.Launcher -Dexec.vmArgs=-agentlib:jdwp=transport=dt_socket,server=n,address=62048 -Dfile.encoding=UTF-8 -Dexec.args=${exec.vmArgs} -classpath %classpath ${exec.mainClass} ${exec.appArgs} -Dexec.executable=C:\Program Files\Java\jdk-17\bin\java.exe -Dexec.mainClass=com.example.sbd_modul2_kel46.SbdModul2Kel46Application -Dexec.classpathScope=runtime -Djpda.listen=true -Dexec.appArgs= -Djpda.address=62048 -Dmaven.ext.class.path=C:\Users\fatta\.vscode\extensions\oracle.oracle-java-23.1.0\nbcode\java\maven-nblib\netbeans-eventspy.jar --no-transfer-progress process-test-classes org.codehaus.mojo:exec-maven-plugin:3.1.0:exec

Host: 13th Gen Intel(R) Core(TM) i5-13450HX, 16 cores, 19G,  Windows 11 , 64 bit Build 26100 (10.0.26100.3037)
Time: Sun Mar  2 09:41:46 2025 SE Asia Standard Time elapsed time: 4.117358 seconds (0d 0h 0m 4s)

---------------  T H R E A D  ---------------

Current thread (0x0000016f25a551b0):  JavaThread "C2 CompilerThread3" daemon [_thread_in_native, id=18152, stack(0x0000000dcc300000,0x0000000dcc400000)]


Current CompileTask:
C2:   4117 4876       4       jdk.internal.org.objectweb.asm.Frame::execute (2305 bytes)

Stack: [0x0000000dcc300000,0x0000000dcc400000]
Native frames: (J=compiled Java code, j=interpreted, Vv=VM code, C=native code)
V  [jvm.dll+0x67a04a]
V  [jvm.dll+0x7da4ed]
V  [jvm.dll+0x7dbe33]
V  [jvm.dll+0x7dc4a3]
V  [jvm.dll+0x24508f]
V  [jvm.dll+0xab773]
V  [jvm.dll+0xabd3c]
V  [jvm.dll+0x361b9f]
V  [jvm.dll+0x32c431]
V  [jvm.dll+0x32b8ca]
V  [jvm.dll+0x21683f]
V  [jvm.dll+0x215c6f]
V  [jvm.dll+0x1a2960]
V  [jvm.dll+0x22610b]
V  [jvm.dll+0x2242ab]
V  [jvm.dll+0x79075c]
V  [jvm.dll+0x78abea]
V  [jvm.dll+0x678f35]
C  [ucrtbase.dll+0x37b0]
C  [KERNEL32.DLL+0x2e8d7]
C  [ntdll.dll+0xbbf2c]


---------------  P R O C E S S  ---------------

Threads class SMR info:
_java_thread_list=0x0000016f264e2fd0, length=22, elements={
0x0000016eb82a8d90, 0x0000016edfc40b90, 0x0000016edfc41660, 0x0000016edfc58ef0,
0x0000016edfc597c0, 0x0000016edfc5a090, 0x0000016edfc5a960, 0x0000016edfc5d570,
0x0000016edfc65f40, 0x0000016edfc7ad70, 0x0000016f25107e50, 0x0000016f25158af0,
0x0000016f251636a0, 0x0000016f2516fde0, 0x0000016f253fad00, 0x0000016f2543d910,
0x0000016f25c866e0, 0x0000016f25a551b0, 0x0000016f25c86c00, 0x0000016f27a94130,
0x0000016f2830fc10, 0x0000016f266b8ec0
}

Java Threads: ( => current thread )
  0x0000016eb82a8d90 JavaThread "main" [_thread_in_native, id=22140, stack(0x0000000dca500000,0x0000000dca600000)]
  0x0000016edfc40b90 JavaThread "Reference Handler" daemon [_thread_blocked, id=22544, stack(0x0000000dcac00000,0x0000000dcad00000)]
  0x0000016edfc41660 JavaThread "Finalizer" daemon [_thread_blocked, id=24368, stack(0x0000000dcad00000,0x0000000dcae00000)]
  0x0000016edfc58ef0 JavaThread "Signal Dispatcher" daemon [_thread_blocked, id=28392, stack(0x0000000dcae00000,0x0000000dcaf00000)]
  0x0000016edfc597c0 JavaThread "Attach Listener" daemon [_thread_blocked, id=11020, stack(0x0000000dcaf00000,0x0000000dcb000000)]
  0x0000016edfc5a090 JavaThread "Service Thread" daemon [_thread_blocked, id=14912, stack(0x0000000dcb000000,0x0000000dcb100000)]
  0x0000016edfc5a960 JavaThread "Monitor Deflation Thread" daemon [_thread_blocked, id=26340, stack(0x0000000dcb100000,0x0000000dcb200000)]
  0x0000016edfc5d570 JavaThread "C2 CompilerThread0" daemon [_thread_blocked, id=5836, stack(0x0000000dcb200000,0x0000000dcb300000)]
  0x0000016edfc65f40 JavaThread "C1 CompilerThread0" daemon [_thread_blocked, id=10980, stack(0x0000000dcb300000,0x0000000dcb400000)]
  0x0000016edfc7ad70 JavaThread "Sweeper thread" daemon [_thread_blocked, id=12048, stack(0x0000000dcb400000,0x0000000dcb500000)]
  0x0000016f25107e50 JavaThread "C1 CompilerThread1" daemon [_thread_blocked, id=20004, stack(0x0000000dcb500000,0x0000000dcb600000)]
  0x0000016f25158af0 JavaThread "C1 CompilerThread2" daemon [_thread_blocked, id=26764, stack(0x0000000dcb600000,0x0000000dcb700000)]
  0x0000016f251636a0 JavaThread "Notification Thread" daemon [_thread_blocked, id=27260, stack(0x0000000dcb700000,0x0000000dcb800000)]
  0x0000016f2516fde0 JavaThread "Common-Cleaner" daemon [_thread_blocked, id=24156, stack(0x0000000dcb900000,0x0000000dcba00000)]
  0x0000016f253fad00 JavaThread "C2 CompilerThread1" daemon [_thread_in_native, id=22512, stack(0x0000000dcba00000,0x0000000dcbb00000)]
  0x0000016f2543d910 JavaThread "C1 CompilerThread3" daemon [_thread_blocked, id=9352, stack(0x0000000dcbb00000,0x0000000dcbc00000)]
  0x0000016f25c866e0 JavaThread "C2 CompilerThread2" daemon [_thread_blocked, id=23192, stack(0x0000000dcc200000,0x0000000dcc300000)]
=>0x0000016f25a551b0 JavaThread "C2 CompilerThread3" daemon [_thread_in_native, id=18152, stack(0x0000000dcc300000,0x0000000dcc400000)]
  0x0000016f25c86c00 JavaThread "C2 CompilerThread4" daemon [_thread_blocked, id=1796, stack(0x0000000dcc400000,0x0000000dcc500000)]
  0x0000016f27a94130 JavaThread "Exec Stream Pumper" daemon [_thread_in_native, id=26264, stack(0x0000000dccb00000,0x0000000dccc00000)]
  0x0000016f2830fc10 JavaThread "Exec Stream Pumper" daemon [_thread_in_native, id=25652, stack(0x0000000dccc00000,0x0000000dccd00000)]
  0x0000016f266b8ec0 JavaThread "Exec Input Stream Pumper" daemon [_thread_blocked, id=4840, stack(0x0000000dccd00000,0x0000000dcce00000)]

Other Threads:
  0x0000016edfc3b530 VMThread "VM Thread" [stack: 0x0000000dcab00000,0x0000000dcac00000] [id=14680]
  0x0000016f251697b0 WatcherThread [stack: 0x0000000dcb800000,0x0000000dcb900000] [id=6924]
  0x0000016eb83280c0 GCTaskThread "GC Thread#0" [stack: 0x0000000dca600000,0x0000000dca700000] [id=6212]
  0x0000016f2531cd00 GCTaskThread "GC Thread#1" [stack: 0x0000000dcbc00000,0x0000000dcbd00000] [id=27740]
  0x0000016f25ae0a10 GCTaskThread "GC Thread#2" [stack: 0x0000000dcbd00000,0x0000000dcbe00000] [id=28472]
  0x0000016f25ae0cd0 GCTaskThread "GC Thread#3" [stack: 0x0000000dcbe00000,0x0000000dcbf00000] [id=16628]
  0x0000016f259be990 GCTaskThread "GC Thread#4" [stack: 0x0000000dcbf00000,0x0000000dcc000000] [id=24136]
  0x0000016f259bec50 GCTaskThread "GC Thread#5" [stack: 0x0000000dcc000000,0x0000000dcc100000] [id=24168]
  0x0000016f259bef10 GCTaskThread "GC Thread#6" [stack: 0x0000000dcc100000,0x0000000dcc200000] [id=28568]
  0x0000016f26b67b60 GCTaskThread "GC Thread#7" [stack: 0x0000000dcc800000,0x0000000dcc900000] [id=20520]
  0x0000016f270b01c0 GCTaskThread "GC Thread#8" [stack: 0x0000000dcc500000,0x0000000dcc600000] [id=23676]
  0x0000016f270b0480 GCTaskThread "GC Thread#9" [stack: 0x0000000dcc600000,0x0000000dcc700000] [id=18688]
  0x0000016f270b0740 GCTaskThread "GC Thread#10" [stack: 0x0000000dcc700000,0x0000000dcc800000] [id=3052]
  0x0000016f270b0a00 GCTaskThread "GC Thread#11" [stack: 0x0000000dcc900000,0x0000000dcca00000] [id=24748]
  0x0000016f270b0cc0 GCTaskThread "GC Thread#12" [stack: 0x0000000dcca00000,0x0000000dccb00000] [id=23532]
  0x0000016eb8332ce0 ConcurrentGCThread "G1 Main Marker" [stack: 0x0000000dca700000,0x0000000dca800000] [id=24240]
  0x0000016eb8333600 ConcurrentGCThread "G1 Conc#0" [stack: 0x0000000dca800000,0x0000000dca900000] [id=23380]
  0x0000016edfafc410 ConcurrentGCThread "G1 Refine#0" [stack: 0x0000000dca900000,0x0000000dcaa00000] [id=2580]
  0x0000016edfafcbf0 ConcurrentGCThread "G1 Service" [stack: 0x0000000dcaa00000,0x0000000dcab00000] [id=26480]

Threads with active compile tasks:
C2 CompilerThread1     4147 4807       4       org.codehaus.plexus.util.xml.Xpp3DomBuilder::build (413 bytes)
C2 CompilerThread3     4147 4876       4       jdk.internal.org.objectweb.asm.Frame::execute (2305 bytes)

VM state: not at safepoint (normal execution)

VM Mutex/Monitor currently owned by a thread: None

Heap address: 0x00000006c4800000, size: 5048 MB, Compressed Oops mode: Zero based, Oop shift amount: 3

CDS archive(s) mapped at: [0x0000016ee0000000-0x0000016ee0bd0000-0x0000016ee0bd0000), size 12386304, SharedBaseAddress: 0x0000016ee0000000, ArchiveRelocationMode: 1.
Compressed class space mapped at: 0x0000016ee1000000-0x0000016f21000000, reserved size: 1073741824
Narrow klass base: 0x0000016ee0000000, Narrow klass shift: 0, Narrow klass range: 0x100000000

GC Precious Log:
 CPUs: 16 total, 16 available
 Memory: 20187M
 Large Page Support: Disabled
 NUMA Support: Disabled
 Compressed Oops: Enabled (Zero based)
 Heap Region Size: 4M
 Heap Min Capacity: 8M
 Heap Initial Capacity: 316M
 Heap Max Capacity: 5048M
 Pre-touch: Disabled
 Parallel Workers: 13
 Concurrent Workers: 3
 Concurrent Refinement Workers: 13
 Periodic GC: Disabled

Heap:
 garbage-first heap   total 323584K, used 128190K [0x00000006c4800000, 0x0000000800000000)
  region size 4096K, 24 young (98304K), 2 survivors (8192K)
 Metaspace       used 18480K, committed 18752K, reserved 1114112K
  class space    used 2120K, committed 2240K, reserved 1048576K

Heap Regions: E=young(eden), S=young(survivor), O=old, HS=humongous(starts), HC=humongous(continues), CS=collection set, F=free, OA=open archive, CA=closed archive, TAMS=top-at-mark-start (previous, next)
|   0|0x00000006c4800000, 0x00000006c4b5a000, 0x00000006c4c00000| 83%| O|  |TAMS 0x00000006c4800000, 0x00000006c4800000| Untracked 
|   1|0x00000006c4c00000, 0x00000006c5000000, 0x00000006c5000000|100%|HS|  |TAMS 0x00000006c4c00000, 0x00000006c4c00000| Complete 
|   2|0x00000006c5000000, 0x00000006c5400000, 0x00000006c5400000|100%|HC|  |TAMS 0x00000006c5000000, 0x00000006c5000000| Complete 
|   3|0x00000006c5400000, 0x00000006c5800000, 0x00000006c5800000|100%|HS|  |TAMS 0x00000006c5400000, 0x00000006c5400000| Complete 
|   4|0x00000006c5800000, 0x00000006c5c00000, 0x00000006c5c00000|100%|HC|  |TAMS 0x00000006c5800000, 0x00000006c5800000| Complete 
|   5|0x00000006c5c00000, 0x00000006c6000000, 0x00000006c6000000|100%|HC|  |TAMS 0x00000006c5c00000, 0x00000006c5c00000| Complete 
|   6|0x00000006c6000000, 0x00000006c6400000, 0x00000006c6400000|100%|HS|  |TAMS 0x00000006c6000000, 0x00000006c6000000| Complete 
|   7|0x00000006c6400000, 0x00000006c6800000, 0x00000006c6800000|100%|HC|  |TAMS 0x00000006c6400000, 0x00000006c6400000| Complete 
|   8|0x00000006c6800000, 0x00000006c6c00000, 0x00000006c6c00000|100%|HC|  |TAMS 0x00000006c6800000, 0x00000006c6800000| Complete 
|   9|0x00000006c6c00000, 0x00000006c6c00000, 0x00000006c7000000|  0%| F|  |TAMS 0x00000006c6c00000, 0x00000006c6c00000| Untracked 
|  10|0x00000006c7000000, 0x00000006c7000000, 0x00000006c7400000|  0%| F|  |TAMS 0x00000006c7000000, 0x00000006c7000000| Untracked 
|  11|0x00000006c7400000, 0x00000006c7400000, 0x00000006c7800000|  0%| F|  |TAMS 0x00000006c7400000, 0x00000006c7400000| Untracked 
|  12|0x00000006c7800000, 0x00000006c7800000, 0x00000006c7c00000|  0%| F|  |TAMS 0x00000006c7800000, 0x00000006c7800000| Untracked 
|  13|0x00000006c7c00000, 0x00000006c7c00000, 0x00000006c8000000|  0%| F|  |TAMS 0x00000006c7c00000, 0x00000006c7c00000| Untracked 
|  14|0x00000006c8000000, 0x00000006c8000000, 0x00000006c8400000|  0%| F|  |TAMS 0x00000006c8000000, 0x00000006c8000000| Untracked 
|  15|0x00000006c8400000, 0x00000006c8400000, 0x00000006c8800000|  0%| F|  |TAMS 0x00000006c8400000, 0x00000006c8400000| Untracked 
|  16|0x00000006c8800000, 0x00000006c8800000, 0x00000006c8c00000|  0%| F|  |TAMS 0x00000006c8800000, 0x00000006c8800000| Untracked 
|  17|0x00000006c8c00000, 0x00000006c8c00000, 0x00000006c9000000|  0%| F|  |TAMS 0x00000006c8c00000, 0x00000006c8c00000| Untracked 
|  18|0x00000006c9000000, 0x00000006c9000000, 0x00000006c9400000|  0%| F|  |TAMS 0x00000006c9000000, 0x00000006c9000000| Untracked 
|  19|0x00000006c9400000, 0x00000006c9400000, 0x00000006c9800000|  0%| F|  |TAMS 0x00000006c9400000, 0x00000006c9400000| Untracked 
|  20|0x00000006c9800000, 0x00000006c9800000, 0x00000006c9c00000|  0%| F|  |TAMS 0x00000006c9800000, 0x00000006c9800000| Untracked 
|  21|0x00000006c9c00000, 0x00000006c9c00000, 0x00000006ca000000|  0%| F|  |TAMS 0x00000006c9c00000, 0x00000006c9c00000| Untracked 
|  22|0x00000006ca000000, 0x00000006ca000000, 0x00000006ca400000|  0%| F|  |TAMS 0x00000006ca000000, 0x00000006ca000000| Untracked 
|  23|0x00000006ca400000, 0x00000006ca400000, 0x00000006ca800000|  0%| F|  |TAMS 0x00000006ca400000, 0x00000006ca400000| Untracked 
|  24|0x00000006ca800000, 0x00000006ca800000, 0x00000006cac00000|  0%| F|  |TAMS 0x00000006ca800000, 0x00000006ca800000| Untracked 
|  25|0x00000006cac00000, 0x00000006cac00000, 0x00000006cb000000|  0%| F|  |TAMS 0x00000006cac00000, 0x00000006cac00000| Untracked 
|  26|0x00000006cb000000, 0x00000006cb000000, 0x00000006cb400000|  0%| F|  |TAMS 0x00000006cb000000, 0x00000006cb000000| Untracked 
|  27|0x00000006cb400000, 0x00000006cb400000, 0x00000006cb800000|  0%| F|  |TAMS 0x00000006cb400000, 0x00000006cb400000| Untracked 
|  28|0x00000006cb800000, 0x00000006cb800000, 0x00000006cbc00000|  0%| F|  |TAMS 0x00000006cb800000, 0x00000006cb800000| Untracked 
|  29|0x00000006cbc00000, 0x00000006cbc00000, 0x00000006cc000000|  0%| F|  |TAMS 0x00000006cbc00000, 0x00000006cbc00000| Untracked 
|  30|0x00000006cc000000, 0x00000006cc000000, 0x00000006cc400000|  0%| F|  |TAMS 0x00000006cc000000, 0x00000006cc000000| Untracked 
|  31|0x00000006cc400000, 0x00000006cc400000, 0x00000006cc800000|  0%| F|  |TAMS 0x00000006cc400000, 0x00000006cc400000| Untracked 
|  32|0x00000006cc800000, 0x00000006cc800000, 0x00000006ccc00000|  0%| F|  |TAMS 0x00000006cc800000, 0x00000006cc800000| Untracked 
|  33|0x00000006ccc00000, 0x00000006ccc00000, 0x00000006cd000000|  0%| F|  |TAMS 0x00000006ccc00000, 0x00000006ccc00000| Untracked 
|  34|0x00000006cd000000, 0x00000006cd000000, 0x00000006cd400000|  0%| F|  |TAMS 0x00000006cd000000, 0x00000006cd000000| Untracked 
|  35|0x00000006cd400000, 0x00000006cd400000, 0x00000006cd800000|  0%| F|  |TAMS 0x00000006cd400000, 0x00000006cd400000| Untracked 
|  36|0x00000006cd800000, 0x00000006cd800000, 0x00000006cdc00000|  0%| F|  |TAMS 0x00000006cd800000, 0x00000006cd800000| Untracked 
|  37|0x00000006cdc00000, 0x00000006cdc00000, 0x00000006ce000000|  0%| F|  |TAMS 0x00000006cdc00000, 0x00000006cdc00000| Untracked 
|  38|0x00000006ce000000, 0x00000006ce000000, 0x00000006ce400000|  0%| F|  |TAMS 0x00000006ce000000, 0x00000006ce000000| Untracked 
|  39|0x00000006ce400000, 0x00000006ce400000, 0x00000006ce800000|  0%| F|  |TAMS 0x00000006ce400000, 0x00000006ce400000| Untracked 
|  40|0x00000006ce800000, 0x00000006ce800000, 0x00000006cec00000|  0%| F|  |TAMS 0x00000006ce800000, 0x00000006ce800000| Untracked 
|  41|0x00000006cec00000, 0x00000006cec00000, 0x00000006cf000000|  0%| F|  |TAMS 0x00000006cec00000, 0x00000006cec00000| Untracked 
|  42|0x00000006cf000000, 0x00000006cf000000, 0x00000006cf400000|  0%| F|  |TAMS 0x00000006cf000000, 0x00000006cf000000| Untracked 
|  43|0x00000006cf400000, 0x00000006cf400000, 0x00000006cf800000|  0%| F|  |TAMS 0x00000006cf400000, 0x00000006cf400000| Untracked 
|  44|0x00000006cf800000, 0x00000006cf800000, 0x00000006cfc00000|  0%| F|  |TAMS 0x00000006cf800000, 0x00000006cf800000| Untracked 
|  45|0x00000006cfc00000, 0x00000006cfc00000, 0x00000006d0000000|  0%| F|  |TAMS 0x00000006cfc00000, 0x00000006cfc00000| Untracked 
|  46|0x00000006d0000000, 0x00000006d0000000, 0x00000006d0400000|  0%| F|  |TAMS 0x00000006d0000000, 0x00000006d0000000| Untracked 
|  47|0x00000006d0400000, 0x00000006d0400000, 0x00000006d0800000|  0%| F|  |TAMS 0x00000006d0400000, 0x00000006d0400000| Untracked 
|  48|0x00000006d0800000, 0x00000006d0800000, 0x00000006d0c00000|  0%| F|  |TAMS 0x00000006d0800000, 0x00000006d0800000| Untracked 
|  49|0x00000006d0c00000, 0x00000006d0c00000, 0x00000006d1000000|  0%| F|  |TAMS 0x00000006d0c00000, 0x00000006d0c00000| Untracked 
|  50|0x00000006d1000000, 0x00000006d1000000, 0x00000006d1400000|  0%| F|  |TAMS 0x00000006d1000000, 0x00000006d1000000| Untracked 
|  51|0x00000006d1400000, 0x00000006d1400000, 0x00000006d1800000|  0%| F|  |TAMS 0x00000006d1400000, 0x00000006d1400000| Untracked 
|  52|0x00000006d1800000, 0x00000006d1800000, 0x00000006d1c00000|  0%| F|  |TAMS 0x00000006d1800000, 0x00000006d1800000| Untracked 
|  53|0x00000006d1c00000, 0x00000006d1c00000, 0x00000006d2000000|  0%| F|  |TAMS 0x00000006d1c00000, 0x00000006d1c00000| Untracked 
|  54|0x00000006d2000000, 0x00000006d2000000, 0x00000006d2400000|  0%| F|  |TAMS 0x00000006d2000000, 0x00000006d2000000| Untracked 
|  55|0x00000006d2400000, 0x00000006d27cdce0, 0x00000006d2800000| 95%| E|  |TAMS 0x00000006d2400000, 0x00000006d2400000| Complete 
|  56|0x00000006d2800000, 0x00000006d2c00000, 0x00000006d2c00000|100%| E|CS|TAMS 0x00000006d2800000, 0x00000006d2800000| Complete 
|  57|0x00000006d2c00000, 0x00000006d3000000, 0x00000006d3000000|100%| E|CS|TAMS 0x00000006d2c00000, 0x00000006d2c00000| Complete 
|  58|0x00000006d3000000, 0x00000006d3400000, 0x00000006d3400000|100%| E|CS|TAMS 0x00000006d3000000, 0x00000006d3000000| Complete 
|  59|0x00000006d3400000, 0x00000006d3800000, 0x00000006d3800000|100%| E|CS|TAMS 0x00000006d3400000, 0x00000006d3400000| Complete 
|  60|0x00000006d3800000, 0x00000006d3c00000, 0x00000006d3c00000|100%| E|CS|TAMS 0x00000006d3800000, 0x00000006d3800000| Complete 
|  61|0x00000006d3c00000, 0x00000006d4000000, 0x00000006d4000000|100%| E|CS|TAMS 0x00000006d3c00000, 0x00000006d3c00000| Complete 
|  62|0x00000006d4000000, 0x00000006d41d5ae0, 0x00000006d4400000| 45%| S|CS|TAMS 0x00000006d4000000, 0x00000006d4000000| Complete 
|  63|0x00000006d4400000, 0x00000006d4800000, 0x00000006d4800000|100%| S|CS|TAMS 0x00000006d4400000, 0x00000006d4400000| Complete 
|  64|0x00000006d4800000, 0x00000006d4c00000, 0x00000006d4c00000|100%| E|CS|TAMS 0x00000006d4800000, 0x00000006d4800000| Complete 
|  65|0x00000006d4c00000, 0x00000006d5000000, 0x00000006d5000000|100%| E|CS|TAMS 0x00000006d4c00000, 0x00000006d4c00000| Complete 
|  66|0x00000006d5000000, 0x00000006d5400000, 0x00000006d5400000|100%| E|CS|TAMS 0x00000006d5000000, 0x00000006d5000000| Complete 
|  67|0x00000006d5400000, 0x00000006d5800000, 0x00000006d5800000|100%| E|CS|TAMS 0x00000006d5400000, 0x00000006d5400000| Complete 
|  68|0x00000006d5800000, 0x00000006d5c00000, 0x00000006d5c00000|100%| E|CS|TAMS 0x00000006d5800000, 0x00000006d5800000| Complete 
|  69|0x00000006d5c00000, 0x00000006d6000000, 0x00000006d6000000|100%| E|CS|TAMS 0x00000006d5c00000, 0x00000006d5c00000| Complete 
|  70|0x00000006d6000000, 0x00000006d6400000, 0x00000006d6400000|100%| E|CS|TAMS 0x00000006d6000000, 0x00000006d6000000| Complete 
|  71|0x00000006d6400000, 0x00000006d6800000, 0x00000006d6800000|100%| E|CS|TAMS 0x00000006d6400000, 0x00000006d6400000| Complete 
|  72|0x00000006d6800000, 0x00000006d6c00000, 0x00000006d6c00000|100%| E|CS|TAMS 0x00000006d6800000, 0x00000006d6800000| Complete 
|  73|0x00000006d6c00000, 0x00000006d7000000, 0x00000006d7000000|100%| E|CS|TAMS 0x00000006d6c00000, 0x00000006d6c00000| Complete 
|  74|0x00000006d7000000, 0x00000006d7400000, 0x00000006d7400000|100%| E|CS|TAMS 0x00000006d7000000, 0x00000006d7000000| Complete 
|  75|0x00000006d7400000, 0x00000006d7800000, 0x00000006d7800000|100%| E|CS|TAMS 0x00000006d7400000, 0x00000006d7400000| Complete 
|  76|0x00000006d7800000, 0x00000006d7c00000, 0x00000006d7c00000|100%| E|CS|TAMS 0x00000006d7800000, 0x00000006d7800000| Complete 
|  77|0x00000006d7c00000, 0x00000006d8000000, 0x00000006d8000000|100%| E|CS|TAMS 0x00000006d7c00000, 0x00000006d7c00000| Complete 
|  78|0x00000006d8000000, 0x00000006d8400000, 0x00000006d8400000|100%| E|CS|TAMS 0x00000006d8000000, 0x00000006d8000000| Complete 

Card table byte_map: [0x0000016ed1cd0000,0x0000016ed26b0000] _byte_map_base: 0x0000016ece6ac000

Marking Bits (Prev, Next): (CMBitMap*) 0x0000016eb83285f0, (CMBitMap*) 0x0000016eb8328630
 Prev Bits: [0x0000016ed3090000, 0x0000016ed7f70000)
 Next Bits: [0x0000016ed7f70000, 0x0000016edce50000)

Polling page: 0x0000016eb8370000

Metaspace:

Usage:
  Non-class:     15.98 MB used.
      Class:      2.07 MB used.
       Both:     18.05 MB used.

Virtual space:
  Non-class space:       64.00 MB reserved,      16.12 MB ( 25%) committed,  1 nodes.
      Class space:        1.00 GB reserved,       2.19 MB ( <1%) committed,  1 nodes.
             Both:        1.06 GB reserved,      18.31 MB (  2%) committed. 

Chunk freelists:
   Non-Class:  15.88 MB
       Class:  13.70 MB
        Both:  29.58 MB

MaxMetaspaceSize: unlimited
CompressedClassSpaceSize: 1.00 GB
Initial GC threshold: 21.00 MB
Current GC threshold: 21.00 MB
CDS: on
MetaspaceReclaimPolicy: balanced
 - commit_granule_bytes: 65536.
 - commit_granule_words: 8192.
 - virtual_space_node_default_size: 8388608.
 - enlarge_chunks_in_place: 1.
 - new_chunks_are_fully_committed: 0.
 - uncommit_free_chunks: 1.
 - use_allocation_guard: 0.
 - handle_deallocations: 1.


Internal statistics:

num_allocs_failed_limit: 0.
num_arena_births: 138.
num_arena_deaths: 0.
num_vsnodes_births: 2.
num_vsnodes_deaths: 0.
num_space_committed: 293.
num_space_uncommitted: 0.
num_chunks_returned_to_freelist: 0.
num_chunks_taken_from_freelist: 818.
num_chunk_merges: 0.
num_chunk_splits: 541.
num_chunks_enlarged: 408.
num_inconsistent_stats: 0.

CodeHeap 'non-profiled nmethods': size=119168Kb used=2534Kb max_used=2534Kb free=116633Kb
 bounds [0x0000016ec8ee0000, 0x0000016ec9160000, 0x0000016ed0340000]
CodeHeap 'profiled nmethods': size=119104Kb used=10574Kb max_used=10574Kb free=108529Kb
 bounds [0x0000016ec1340000, 0x0000016ec1da0000, 0x0000016ec8790000]
CodeHeap 'non-nmethods': size=7488Kb used=2908Kb max_used=2931Kb free=4580Kb
 bounds [0x0000016ec8790000, 0x0000016ec8a70000, 0x0000016ec8ee0000]
 total_blobs=5358 nmethods=4875 adapters=390
 compilation: enabled
              stopped_count=0, restarted_count=0
 full_count=0

Compilation events (20 events):
Event: 3.018 Thread 0x0000016edfc65f40 4860       3       java.lang.ProcessEnvironment$EntryComparator::compare (13 bytes)
Event: 3.018 Thread 0x0000016f25c86c00 4862       4       java.util.TimSort::binarySort (223 bytes)
Event: 3.018 Thread 0x0000016f25158af0 4863       3       java.lang.ProcessEnvironment$CheckedEntry::getValue (5 bytes)
Event: 3.018 Thread 0x0000016f25107e50 4864       3       java.lang.ProcessEnvironment$CheckedEntry::getValue (13 bytes)
Event: 3.018 Thread 0x0000016f2543d910 nmethod 4861 0x0000016ec1d90610 code [0x0000016ec1d907e0, 0x0000016ec1d90cc8]
Event: 3.019 Thread 0x0000016edfc65f40 nmethod 4860 0x0000016ec1d90e10 code [0x0000016ec1d91000, 0x0000016ec1d91768]
Event: 3.019 Thread 0x0000016f25107e50 nmethod 4864 0x0000016ec1d91910 code [0x0000016ec1d91ac0, 0x0000016ec1d91d88]
Event: 3.019 Thread 0x0000016f25158af0 nmethod 4863 0x0000016ec1d91e90 code [0x0000016ec1d92040, 0x0000016ec1d92388]
Event: 3.019 Thread 0x0000016f25c866e0 nmethod 4838 0x0000016ec9150c90 code [0x0000016ec9150e80, 0x0000016ec91518f0]
Event: 3.025 Thread 0x0000016edfc65f40 4867       3       java.lang.invoke.LambdaForm$NamedFunction::methodType (23 bytes)
Event: 3.025 Thread 0x0000016edfc65f40 nmethod 4867 0x0000016ec1d92490 code [0x0000016ec1d92640, 0x0000016ec1d928a8]
Event: 3.027 Thread 0x0000016edfc5d570 nmethod 4853 0x0000016ec9152d10 code [0x0000016ec9152ee0, 0x0000016ec91536f8]
Event: 3.028 Thread 0x0000016f25107e50 4872       3       java.util.ImmutableCollections$SetN::iterator (9 bytes)
Event: 3.028 Thread 0x0000016f2543d910 4873       3       java.util.ImmutableCollections$SetN$SetNIterator::<init> (36 bytes)
Event: 3.028 Thread 0x0000016f25107e50 nmethod 4872 0x0000016ec1d92990 code [0x0000016ec1d92b40, 0x0000016ec1d92ce8]
Event: 3.028 Thread 0x0000016f2543d910 nmethod 4873 0x0000016ec1d92d90 code [0x0000016ec1d92f40, 0x0000016ec1d93158]
Event: 3.028 Thread 0x0000016f25a551b0 4876       4       jdk.internal.org.objectweb.asm.Frame::execute (2305 bytes)
Event: 3.028 Thread 0x0000016edfc65f40 4877       3       java.lang.invoke.MemberName::<init> (50 bytes)
Event: 3.028 Thread 0x0000016edfc65f40 nmethod 4877 0x0000016ec1d93290 code [0x0000016ec1d93460, 0x0000016ec1d93778]
Event: 3.064 Thread 0x0000016f25c86c00 nmethod 4862 0x0000016ec9154590 code [0x0000016ec9154920, 0x0000016ec9157d70]

GC Heap History (6 events):
Event: 0.523 GC heap before
{Heap before GC invocations=0 (full 0):
 garbage-first heap   total 323584K, used 20480K [0x00000006c4800000, 0x0000000800000000)
  region size 4096K, 5 young (20480K), 0 survivors (0K)
 Metaspace       used 5297K, committed 5504K, reserved 1114112K
  class space    used 628K, committed 704K, reserved 1048576K
}
Event: 0.528 GC heap after
{Heap after GC invocations=1 (full 0):
 garbage-first heap   total 323584K, used 3545K [0x00000006c4800000, 0x0000000800000000)
  region size 4096K, 1 young (4096K), 1 survivors (4096K)
 Metaspace       used 5297K, committed 5504K, reserved 1114112K
  class space    used 628K, committed 704K, reserved 1048576K
}
Event: 0.863 GC heap before
{Heap before GC invocations=1 (full 0):
 garbage-first heap   total 323584K, used 24025K [0x00000006c4800000, 0x0000000800000000)
  region size 4096K, 6 young (24576K), 1 survivors (4096K)
 Metaspace       used 6911K, committed 7104K, reserved 1114112K
  class space    used 820K, committed 896K, reserved 1048576K
}
Event: 0.867 GC heap after
{Heap after GC invocations=2 (full 0):
 garbage-first heap   total 323584K, used 4322K [0x00000006c4800000, 0x0000000800000000)
  region size 4096K, 1 young (4096K), 1 survivors (4096K)
 Metaspace       used 6911K, committed 7104K, reserved 1114112K
  class space    used 820K, committed 896K, reserved 1048576K
}
Event: 1.878 GC heap before
{Heap before GC invocations=2 (full 0):
 garbage-first heap   total 323584K, used 61666K [0x00000006c4800000, 0x0000000800000000)
  region size 4096K, 15 young (61440K), 1 survivors (4096K)
 Metaspace       used 14954K, committed 15168K, reserved 1114112K
  class space    used 1793K, committed 1856K, reserved 1048576K
}
Event: 1.884 GC heap after
{Heap after GC invocations=3 (full 0):
 garbage-first heap   total 323584K, used 9406K [0x00000006c4800000, 0x0000000800000000)
  region size 4096K, 2 young (8192K), 2 survivors (8192K)
 Metaspace       used 14954K, committed 15168K, reserved 1114112K
  class space    used 1793K, committed 1856K, reserved 1048576K
}

Deoptimization events (20 events):
Event: 3.016 Thread 0x0000016eb82a8d90 Uncommon trap: trap_request=0xffffffc6 fr.pc=0x0000016ec907a320 relative=0x00000000000003c0
Event: 3.016 Thread 0x0000016eb82a8d90 Uncommon trap: reason=bimorphic_or_optimized_type_check action=maybe_recompile pc=0x0000016ec907a320 method=java.util.HashMap.putVal(ILjava/lang/Object;Ljava/lang/Object;ZZ)Ljava/lang/Object; @ 253 c2
Event: 3.016 Thread 0x0000016eb82a8d90 DEOPT PACKING pc=0x0000016ec907a320 sp=0x0000000dca5fd700
Event: 3.016 Thread 0x0000016eb82a8d90 DEOPT UNPACKING pc=0x0000016ec87e23a3 sp=0x0000000dca5fd680 mode 2
Event: 3.017 Thread 0x0000016eb82a8d90 Uncommon trap: trap_request=0xffffffbe fr.pc=0x0000016ec8fd7cd8 relative=0x0000000000001e78
Event: 3.017 Thread 0x0000016eb82a8d90 Uncommon trap: reason=profile_predicate action=maybe_recompile pc=0x0000016ec8fd7cd8 method=java.util.TimSort.binarySort([Ljava/lang/Object;IIILjava/util/Comparator;)V @ 34 c2
Event: 3.018 Thread 0x0000016eb82a8d90 DEOPT PACKING pc=0x0000016ec8fd7cd8 sp=0x0000000dca5fd2b0
Event: 3.018 Thread 0x0000016eb82a8d90 DEOPT UNPACKING pc=0x0000016ec87e23a3 sp=0x0000000dca5fd290 mode 2
Event: 3.018 Thread 0x0000016eb82a8d90 Uncommon trap: trap_request=0xffffffbe fr.pc=0x0000016ec8fd7cd8 relative=0x0000000000001e78
Event: 3.018 Thread 0x0000016eb82a8d90 Uncommon trap: reason=profile_predicate action=maybe_recompile pc=0x0000016ec8fd7cd8 method=java.util.TimSort.binarySort([Ljava/lang/Object;IIILjava/util/Comparator;)V @ 34 c2
Event: 3.018 Thread 0x0000016eb82a8d90 DEOPT PACKING pc=0x0000016ec8fd7cd8 sp=0x0000000dca5fd2b0
Event: 3.018 Thread 0x0000016eb82a8d90 DEOPT UNPACKING pc=0x0000016ec87e23a3 sp=0x0000000dca5fd290 mode 2
Event: 3.018 Thread 0x0000016eb82a8d90 Uncommon trap: trap_request=0xffffffbe fr.pc=0x0000016ec8fd7cd8 relative=0x0000000000001e78
Event: 3.018 Thread 0x0000016eb82a8d90 Uncommon trap: reason=profile_predicate action=maybe_recompile pc=0x0000016ec8fd7cd8 method=java.util.TimSort.binarySort([Ljava/lang/Object;IIILjava/util/Comparator;)V @ 34 c2
Event: 3.018 Thread 0x0000016eb82a8d90 DEOPT PACKING pc=0x0000016ec8fd7cd8 sp=0x0000000dca5fd2b0
Event: 3.018 Thread 0x0000016eb82a8d90 DEOPT UNPACKING pc=0x0000016ec87e23a3 sp=0x0000000dca5fd290 mode 2
Event: 3.018 Thread 0x0000016eb82a8d90 Uncommon trap: trap_request=0xffffffbe fr.pc=0x0000016ec8fd7cd8 relative=0x0000000000001e78
Event: 3.018 Thread 0x0000016eb82a8d90 Uncommon trap: reason=profile_predicate action=maybe_recompile pc=0x0000016ec8fd7cd8 method=java.util.TimSort.binarySort([Ljava/lang/Object;IIILjava/util/Comparator;)V @ 34 c2
Event: 3.018 Thread 0x0000016eb82a8d90 DEOPT PACKING pc=0x0000016ec8fd7cd8 sp=0x0000000dca5fd2b0
Event: 3.018 Thread 0x0000016eb82a8d90 DEOPT UNPACKING pc=0x0000016ec87e23a3 sp=0x0000000dca5fd290 mode 2

Classes unloaded (0 events):
No events

Classes redefined (0 events):
No events

Internal exceptions (20 events):
Event: 1.522 Thread 0x0000016eb82a8d90 Exception <a 'java/lang/NoSuchMethodError'{0x00000006d5e56390}: 'java.lang.Object java.lang.invoke.DirectMethodHandle$Holder.invokeStaticInit(java.lang.Object, int, int, int, int)'> (0x00000006d5e56390) 
thrown [s\open\src\hotspot\share\interpreter\linkResolver.cpp, line 759]
Event: 1.618 Thread 0x0000016eb82a8d90 Implicit null exception at 0x0000016ec8f052f2 to 0x0000016ec8f058d4
Event: 1.618 Thread 0x0000016eb82a8d90 Implicit null exception at 0x0000016ec8f05ef2 to 0x0000016ec8f064e8
Event: 1.647 Thread 0x0000016eb82a8d90 Exception <a 'java/lang/NoSuchMethodError'{0x00000006d54032a8}: 'void java.lang.invoke.DirectMethodHandle$Holder.invokeSpecial(java.lang.Object, java.lang.Object, java.lang.Object, java.lang.Object, java.lang.Object)'> (0x00000006d54032a8) 
thrown [s\open\src\hotspot\share\interpreter\linkResolver.cpp, line 759]
Event: 1.650 Thread 0x0000016eb82a8d90 Exception <a 'java/lang/NoSuchMethodError'{0x00000006d5420930}: 'void java.lang.invoke.DirectMethodHandle$Holder.invokeSpecial(java.lang.Object, java.lang.Object, java.lang.Object, java.lang.Object, java.lang.Object, java.lang.Object)'> (0x00000006d5420930) 
thrown [s\open\src\hotspot\share\interpreter\linkResolver.cpp, line 759]
Event: 1.662 Thread 0x0000016eb82a8d90 Exception <a 'java/lang/NoSuchMethodError'{0x00000006d5519400}: 'java.lang.Object java.lang.invoke.DirectMethodHandle$Holder.invokeVirtual(java.lang.Object, java.lang.Object, java.lang.Object)'> (0x00000006d5519400) 
thrown [s\open\src\hotspot\share\interpreter\linkResolver.cpp, line 759]
Event: 2.099 Thread 0x0000016eb82a8d90 Implicit null exception at 0x0000016ec903c96c to 0x0000016ec903cc00
Event: 2.099 Thread 0x0000016eb82a8d90 Implicit null exception at 0x0000016ec8ff80af to 0x0000016ec8ff819c
Event: 2.099 Thread 0x0000016eb82a8d90 Implicit null exception at 0x0000016ec8fa0d6d to 0x0000016ec8fa0f44
Event: 2.099 Thread 0x0000016eb82a8d90 Implicit null exception at 0x0000016ec8f74858 to 0x0000016ec8f748ee
Event: 2.424 Thread 0x0000016eb82a8d90 Implicit null exception at 0x0000016ec8f29a0f to 0x0000016ec8f29a89
Event: 2.491 Thread 0x0000016eb82a8d90 Exception <a 'java/lang/NoSuchMethodError'{0x00000006d4c15f80}: 'java.lang.Object java.lang.invoke.DirectMethodHandle$Holder.newInvokeSpecial(java.lang.Object, java.lang.Object, java.lang.Object, java.lang.Object, java.lang.Object, java.lang.Object, java.lang.Object)'> (0x00000006d4c15f80) 
thrown [s\open\src\hotspot\share\interpreter\linkResolver.cpp, line 759]
Event: 2.492 Thread 0x0000016eb82a8d90 Exception <a 'java/lang/NoSuchMethodError'{0x00000006d4c1a890}: 'java.lang.Object java.lang.invoke.Invokers$Holder.linkToTargetMethod(java.lang.Object, java.lang.Object, java.lang.Object, java.lang.Object, java.lang.Object, java.lang.Object, java.lang.Object)'> (0x00000006d4c1a890) 
thrown [s\open\src\hotspot\share\interpreter\linkResolver.cpp, line 759]
Event: 2.640 Thread 0x0000016eb82a8d90 Exception <a 'java/lang/NoSuchMethodError'{0x00000006d3e0f048}: 'int java.lang.invoke.DirectMethodHandle$Holder.invokeVirtual(java.lang.Object, java.lang.Object)'> (0x00000006d3e0f048) 
thrown [s\open\src\hotspot\share\interpreter\linkResolver.cpp, line 759]
Event: 2.703 Thread 0x0000016eb82a8d90 Exception <a 'java/lang/NoSuchMethodError'{0x00000006d3805238}: 'int java.lang.invoke.DirectMethodHandle$Holder.invokeStatic(java.lang.Object, java.lang.Object, int)'> (0x00000006d3805238) 
thrown [s\open\src\hotspot\share\interpreter\linkResolver.cpp, line 759]
Event: 3.023 Thread 0x0000016eb82a8d90 Exception <a 'java/lang/NoSuchMethodError'{0x00000006d240e7e8}: 'void java.lang.invoke.DirectMethodHandle$Holder.invokeStatic(java.lang.Object, long)'> (0x00000006d240e7e8) 
thrown [s\open\src\hotspot\share\interpreter\linkResolver.cpp, line 759]
Event: 3.025 Thread 0x0000016eb82a8d90 Exception <a 'java/lang/NoSuchMethodError'{0x00000006d24141b0}: 'java.lang.Object java.lang.invoke.DirectMethodHandle$Holder.newInvokeSpecial(java.lang.Object, long)'> (0x00000006d24141b0) 
thrown [s\open\src\hotspot\share\interpreter\linkResolver.cpp, line 759]
Event: 3.027 Thread 0x0000016eb82a8d90 Exception <a 'java/lang/NoSuchMethodError'{0x00000006d241f370}: 'java.lang.Object java.lang.invoke.DirectMethodHandle$Holder.invokeStaticInit(java.lang.Object, java.lang.Object, long, java.lang.Object)'> (0x00000006d241f370) 
thrown [s\open\src\hotspot\share\interpreter\linkResolver.cpp, line 759]
Event: 3.027 Thread 0x0000016eb82a8d90 Exception <a 'java/lang/NoSuchMethodError'{0x00000006d2425a40}: 'java.lang.Object java.lang.invoke.DirectMethodHandle$Holder.newInvokeSpecial(java.lang.Object, java.lang.Object, long)'> (0x00000006d2425a40) 
thrown [s\open\src\hotspot\share\interpreter\linkResolver.cpp, line 759]
Event: 3.028 Thread 0x0000016eb82a8d90 Exception <a 'java/lang/NoSuchMethodError'{0x00000006d2429d30}: 'java.lang.Object java.lang.invoke.Invokers$Holder.linkToTargetMethod(java.lang.Object, long, java.lang.Object)'> (0x00000006d2429d30) 
thrown [s\open\src\hotspot\share\interpreter\linkResolver.cpp, line 759]

VM Operations (20 events):
Event: 1.766 Executing VM operation: ICBufferFull
Event: 1.766 Executing VM operation: ICBufferFull done
Event: 1.867 Executing VM operation: HandshakeAllThreads
Event: 1.867 Executing VM operation: HandshakeAllThreads done
Event: 1.878 Executing VM operation: G1CollectForAllocation
Event: 1.884 Executing VM operation: G1CollectForAllocation done
Event: 2.191 Executing VM operation: ICBufferFull
Event: 2.192 Executing VM operation: ICBufferFull done
Event: 2.489 Executing VM operation: ICBufferFull
Event: 2.489 Executing VM operation: ICBufferFull done
Event: 2.618 Executing VM operation: ICBufferFull
Event: 2.618 Executing VM operation: ICBufferFull done
Event: 2.877 Executing VM operation: ICBufferFull
Event: 2.877 Executing VM operation: ICBufferFull done
Event: 2.929 Executing VM operation: HandshakeAllThreads
Event: 2.929 Executing VM operation: HandshakeAllThreads done
Event: 3.030 Executing VM operation: HandshakeAllThreads
Event: 3.030 Executing VM operation: HandshakeAllThreads done
Event: 4.034 Executing VM operation: Cleanup
Event: 4.036 Executing VM operation: Cleanup done

Events (20 events):
Event: 3.029 loading class java/util/concurrent/SynchronousQueue done
Event: 3.029 loading class java/util/concurrent/SynchronousQueue$TransferStack
Event: 3.029 loading class java/util/concurrent/SynchronousQueue$Transferer
Event: 3.029 loading class java/util/concurrent/SynchronousQueue$Transferer done
Event: 3.029 loading class java/util/concurrent/SynchronousQueue$TransferStack done
Event: 3.029 loading class java/util/concurrent/SynchronousQueue$TransferStack$SNode
Event: 3.029 loading class java/util/concurrent/ForkJoinPool$ManagedBlocker
Event: 3.029 loading class java/util/concurrent/ForkJoinPool$ManagedBlocker done
Event: 3.029 loading class java/util/concurrent/SynchronousQueue$TransferStack$SNode done
Event: 3.029 loading class java/lang/ProcessImpl$2
Event: 3.029 loading class java/lang/ProcessImpl$2 done
Event: 3.029 loading class java/lang/Process$PipeInputStream
Event: 3.029 loading class java/lang/Process$PipeInputStream done
Event: 3.030 loading class jdk/internal/event/ProcessStartEvent
Event: 3.030 loading class jdk/internal/event/ProcessStartEvent done
Event: 3.030 loading class java/io/PipedOutputStream
Event: 3.030 loading class java/io/PipedOutputStream done
Event: 3.031 Thread 0x0000016f27a94130 Thread added: 0x0000016f27a94130
Event: 3.031 Thread 0x0000016f2830fc10 Thread added: 0x0000016f2830fc10
Event: 3.031 Thread 0x0000016f266b8ec0 Thread added: 0x0000016f266b8ec0


Dynamic libraries:
0x00007ff7b9270000 - 0x00007ff7b9280000 	C:\Program Files\Java\jdk-17\bin\java.exe
0x00007fff23f00000 - 0x00007fff24163000 	C:\WINDOWS\SYSTEM32\ntdll.dll
0x00007fff22e80000 - 0x00007fff22f47000 	C:\WINDOWS\System32\KERNEL32.DLL
0x00007fff214d0000 - 0x00007fff21897000 	C:\WINDOWS\System32\KERNELBASE.dll
0x00007fff218a0000 - 0x00007fff219ec000 	C:\WINDOWS\System32\ucrtbase.dll
0x00007ffeedba0000 - 0x00007ffeedbbb000 	C:\Program Files\Java\jdk-17\bin\VCRUNTIME140.dll
0x00007fff15c50000 - 0x00007fff15c69000 	C:\Program Files\Java\jdk-17\bin\jli.dll
0x00007fff23340000 - 0x00007fff233f4000 	C:\WINDOWS\System32\ADVAPI32.dll
0x00007fff22db0000 - 0x00007fff22e59000 	C:\WINDOWS\System32\msvcrt.dll
0x00007fff22520000 - 0x00007fff225c6000 	C:\WINDOWS\System32\sechost.dll
0x00007fff23da0000 - 0x00007fff23eb6000 	C:\WINDOWS\System32\RPCRT4.dll
0x00007fff23010000 - 0x00007fff231d9000 	C:\WINDOWS\System32\USER32.dll
0x00007fff213e0000 - 0x00007fff21407000 	C:\WINDOWS\System32\win32u.dll
0x00007fff03250000 - 0x00007fff034e0000 	C:\WINDOWS\WinSxS\amd64_microsoft.windows.common-controls_6595b64144ccf1df_6.0.26100.3037_none_3e09262ce333c378\COMCTL32.dll
0x00007fff22fd0000 - 0x00007fff22ffa000 	C:\WINDOWS\System32\GDI32.dll
0x00007fff21b70000 - 0x00007fff21c9b000 	C:\WINDOWS\System32\gdi32full.dll
0x00007fff21330000 - 0x00007fff213d3000 	C:\WINDOWS\System32\msvcp_win.dll
0x00007fff16660000 - 0x00007fff1666b000 	C:\WINDOWS\SYSTEM32\VERSION.dll
0x00007fff22430000 - 0x00007fff2245f000 	C:\WINDOWS\System32\IMM32.DLL
0x00007fff15b90000 - 0x00007fff15b9c000 	C:\Program Files\Java\jdk-17\bin\vcruntime140_1.dll
0x00007ffeeb8b0000 - 0x00007ffeeb93e000 	C:\Program Files\Java\jdk-17\bin\msvcp140.dll
0x00007ffe47c90000 - 0x00007ffe48870000 	C:\Program Files\Java\jdk-17\bin\server\jvm.dll
0x00007fff22e60000 - 0x00007fff22e68000 	C:\WINDOWS\System32\PSAPI.DLL
0x00007ffef37f0000 - 0x00007ffef37fa000 	C:\WINDOWS\SYSTEM32\WSOCK32.dll
0x00007fff16990000 - 0x00007fff169c6000 	C:\WINDOWS\SYSTEM32\WINMM.dll
0x00007fff22d20000 - 0x00007fff22d94000 	C:\WINDOWS\System32\WS2_32.dll
0x00007fff20120000 - 0x00007fff2013a000 	C:\WINDOWS\SYSTEM32\kernel.appcore.dll
0x00007ffeec410000 - 0x00007ffeec41a000 	C:\Program Files\Java\jdk-17\bin\jimage.dll
0x00007fff1eb20000 - 0x00007fff1ed61000 	C:\WINDOWS\SYSTEM32\DBGHELP.DLL
0x00007fff226c0000 - 0x00007fff22a3e000 	C:\WINDOWS\System32\combase.dll
0x00007fff23460000 - 0x00007fff23536000 	C:\WINDOWS\System32\OLEAUT32.dll
0x00007fff007b0000 - 0x00007fff007e9000 	C:\WINDOWS\SYSTEM32\dbgcore.DLL
0x00007fff21ca0000 - 0x00007fff21d39000 	C:\WINDOWS\System32\bcryptPrimitives.dll
0x00007ffeebc10000 - 0x00007ffeebc35000 	C:\Program Files\Java\jdk-17\bin\java.dll
0x00007ffeebb30000 - 0x00007ffeebc07000 	C:\Program Files\Java\jdk-17\bin\jsvml.dll
0x00007fff23610000 - 0x00007fff23d14000 	C:\WINDOWS\System32\SHELL32.dll
0x00007fff1efb0000 - 0x00007fff1f7e7000 	C:\WINDOWS\SYSTEM32\windows.storage.dll
0x00007fff225d0000 - 0x00007fff226b9000 	C:\WINDOWS\System32\SHCORE.dll
0x00007fff22f50000 - 0x00007fff22fad000 	C:\WINDOWS\System32\shlwapi.dll
0x00007fff211b0000 - 0x00007fff211de000 	C:\WINDOWS\SYSTEM32\profapi.dll
0x00007ffeebb10000 - 0x00007ffeebb29000 	C:\Program Files\Java\jdk-17\bin\net.dll
0x00007fff15f30000 - 0x00007fff1604e000 	C:\WINDOWS\SYSTEM32\WINHTTP.dll
0x00007fff206f0000 - 0x00007fff2075a000 	C:\WINDOWS\system32\mswsock.dll
0x00007ffeebaf0000 - 0x00007ffeebb06000 	C:\Program Files\Java\jdk-17\bin\nio.dll
0x00007ffeeb940000 - 0x00007ffeeb958000 	C:\Program Files\Java\jdk-17\bin\zip.dll
0x00007ffeec4f0000 - 0x00007ffeec514000 	C:\Users\fatta\.m2\wrapper\dists\apache-maven-3.9.9\977a63e90f436cd6ade95b4c0e10c20c\lib\jansi-native\Windows\x86_64\jansi.dll
0x00007ffeec400000 - 0x00007ffeec410000 	C:\Program Files\Java\jdk-17\bin\verify.dll

dbghelp: loaded successfully - version: 4.0.5 - missing functions: none
symbol engine: initialized successfully - sym options: 0x614 - pdb path: .;C:\Program Files\Java\jdk-17\bin;C:\WINDOWS\SYSTEM32;C:\WINDOWS\WinSxS\amd64_microsoft.windows.common-controls_6595b64144ccf1df_6.0.26100.3037_none_3e09262ce333c378;C:\Program Files\Java\jdk-17\bin\server;C:\Users\fatta\.m2\wrapper\dists\apache-maven-3.9.9\977a63e90f436cd6ade95b4c0e10c20c\lib\jansi-native\Windows\x86_64

VM Arguments:
jvm_args: -Dclassworlds.conf=C:\Users\fatta\.m2\wrapper\dists\apache-maven-3.9.9\977a63e90f436cd6ade95b4c0e10c20c\bin\m2.conf -Dmaven.home=C:\Users\fatta\.m2\wrapper\dists\apache-maven-3.9.9\977a63e90f436cd6ade95b4c0e10c20c -Dlibrary.jansi.path=C:\Users\fatta\.m2\wrapper\dists\apache-maven-3.9.9\977a63e90f436cd6ade95b4c0e10c20c\lib\jansi-native -Dmaven.multiModuleProjectDirectory=D:\Fattah\KULIAH\Semester 6\Praktikum Sistem Basis Data\Modul 2\sbd_modul2_kel46 
java_command: org.codehaus.plexus.classworlds.launcher.Launcher -Dexec.vmArgs=-agentlib:jdwp=transport=dt_socket,server=n,address=62048 -Dfile.encoding=UTF-8 -Dexec.args=${exec.vmArgs} -classpath %classpath ${exec.mainClass} ${exec.appArgs} -Dexec.executable=C:\Program Files\Java\jdk-17\bin\java.exe -Dexec.mainClass=com.example.sbd_modul2_kel46.SbdModul2Kel46Application -Dexec.classpathScope=runtime -Djpda.listen=true -Dexec.appArgs= -Djpda.address=62048 -Dmaven.ext.class.path=C:\Users\fatta\.vscode\extensions\oracle.oracle-java-23.1.0\nbcode\java\maven-nblib\netbeans-eventspy.jar --no-transfer-progress process-test-classes org.codehaus.mojo:exec-maven-plugin:3.1.0:exec
java_class_path (initial): C:\Users\fatta\.m2\wrapper\dists\apache-maven-3.9.9\977a63e90f436cd6ade95b4c0e10c20c\boot\plexus-classworlds-2.8.0.jar
Launcher Type: SUN_STANDARD

[Global flags]
     intx CICompilerCount                          = 12                                        {product} {ergonomic}
     uint ConcGCThreads                            = 3                                         {product} {ergonomic}
     uint G1ConcRefinementThreads                  = 13                                        {product} {ergonomic}
   size_t G1HeapRegionSize                         = 4194304                                   {product} {ergonomic}
    uintx GCDrainStackTargetSize                   = 64                                        {product} {ergonomic}
   size_t InitialHeapSize                          = 331350016                                 {product} {ergonomic}
   size_t MarkStackSize                            = 4194304                                   {product} {ergonomic}
   size_t MaxHeapSize                              = 5293211648                                {product} {ergonomic}
   size_t MaxNewSize                               = 3175088128                                {product} {ergonomic}
   size_t MinHeapDeltaBytes                        = 4194304                                   {product} {ergonomic}
   size_t MinHeapSize                              = 8388608                                   {product} {ergonomic}
    uintx NonNMethodCodeHeapSize                   = 7602480                                {pd product} {ergonomic}
    uintx NonProfiledCodeHeapSize                  = 122027880                              {pd product} {ergonomic}
    uintx ProfiledCodeHeapSize                     = 122027880                              {pd product} {ergonomic}
    uintx ReservedCodeCacheSize                    = 251658240                              {pd product} {ergonomic}
     bool SegmentedCodeCache                       = true                                      {product} {ergonomic}
   size_t SoftMaxHeapSize                          = 5293211648                             {manageable} {ergonomic}
     bool UseCompressedClassPointers               = true                           {product lp64_product} {ergonomic}
     bool UseCompressedOops                        = true                           {product lp64_product} {ergonomic}
     bool UseG1GC                                  = true                                      {product} {ergonomic}
     bool UseLargePagesIndividualAllocation        = false                                  {pd product} {ergonomic}

Logging:
Log output configuration:
 #0: stdout all=warning uptime,level,tags
 #1: stderr all=off uptime,level,tags

Environment Variables:
JAVA_HOME=C:\Program Files\Java\jdk-17
PATH=C:\app\fatta\product\21c\dbhomeXE\bin;C:\Python312\Scripts\;C:\Python312\;C:\WINDOWS\system32;C:\WINDOWS;C:\WINDOWS\System32\Wbem;C:\WINDOWS\System32\WindowsPowerShell\v1.0\;C:\WINDOWS\System32\OpenSSH\;C:\Program Files\dotnet\;C:\ProgramData\chocolatey\bin;C:\Program Files\nodejs\;C:\Program Files (x86)\NVIDIA Corporation\PhysX\Common;C:\Program Files\Java\jdk-23;C:\Program Files\Git\cmd;C:\Program Files (x86)\xanpp\php;;C:\Program Files\NVIDIA Corporation\NVIDIA app\NvDLISR;D:\Fattah\College APP\xampp\php;C:\ProgramData\ComposerSetup\bin;D:\Fattah\College APP\CoIDE_V2Beta\gcc\bin;D:\Fattah\College APP\CoIDE_V2Beta\bin;C:\Program Files (x86)\GNU Tools ARM Embedded\5.4 2016q3\bin;C:\Users\fatta\.console-ninja\.bin;C:\Users\fatta\AppData\Local\Microsoft\WindowsApps;C:\Users\fatta\AppData\Local\Muse Hub\lib;D:\Fattah\College APP\Microsoft VS Code\bin;C:\Users\fatta\AppData\Roaming\npm;C:\Users\fatta\AppData\Roaming\Local\Android\Sdk;C:\flutter\src\flutter\bin;C:\Users\fatta\AppData\Local\Android\Sdk;C:\Program Files\Java\jdk-23\bin;C:\Users\fatta\AppData\Local\Programs\mongosh\;C:\Users\fatta\AppData\Local\Microsoft\WindowsApps;C:\Users\fatta\.lmstudio\bin;C:\Users\fatta\AppData\Roaming\Composer\vendor\bin
USERNAME=fatta
OS=Windows_NT
PROCESSOR_IDENTIFIER=Intel64 Family 6 Model 183 Stepping 1, GenuineIntel



---------------  S Y S T E M  ---------------

OS:
 Windows 11 , 64 bit Build 26100 (10.0.26100.3037)
OS uptime: 0 days 10:16 hours
Hyper-V role detected

CPU: total 16 (initial active 16) (8 cores per cpu, 2 threads per core) family 6 model 183 stepping 1 microcode 0x125, cx8, cmov, fxsr, ht, mmx, 3dnowpref, sse, sse2, sse3, ssse3, sse4.1, sse4.2, popcnt, lzcnt, tsc, tscinvbit, avx, avx2, aes, erms, clmul, bmi1, bmi2, adx, sha, fma, vzeroupper, clflush, clflushopt, clwb, hv

Memory: 4k page, system-wide physical 20187M (6481M free)
TotalPageFile size 20187M (AvailPageFile size 8M)
current process WorkingSet (physical memory assigned to process): 239M, peak: 245M
current process commit charge ("private bytes"): 490M, peak: 496M

vm_info: Java HotSpot(TM) 64-Bit Server VM (17.0.12+8-LTS-286) for windows-amd64 JRE (17.0.12+8-LTS-286), built on Jun  5 2024 06:46:59 by "mach5one" with MS VC++ 17.6 (VS2022)

END.
