#
# There is insufficient memory for the Java Runtime Environment to continue.
# Native memory allocation (malloc) failed to allocate 2142992 bytes for Chunk::new
# Possible reasons:
#   The system is out of physical RAM or swap space
#   The process is running with CompressedOops enabled, and the Java Heap may be blocking the growth of the native heap
# Possible solutions:
#   Reduce memory load on the system
#   Increase physical memory or swap space
#   Check if swap backing store is full
#   Decrease Java heap size (-Xmx/-Xms)
#   Decrease number of Java threads
#   Decrease Java thread stack sizes (-Xss)
#   Set larger code cache with -XX:ReservedCodeCacheSize=
#   JVM is running with Zero Based Compressed Oops mode in which the Java heap is
#     placed in the first 32GB address space. The Java Heap base address is the
#     maximum limit for the native heap growth. Please use -XX:HeapBaseMinAddress
#     to set the Java Heap base and to place the Java Heap above 32GB virtual address.
# This output file may be truncated or incomplete.
#
#  Out of Memory Error (arena.cpp:189), pid=2976, tid=4740
#
# JRE version: Java(TM) SE Runtime Environment (17.0.12+8) (build 17.0.12+8-LTS-286)
# Java VM: Java HotSpot(TM) 64-Bit Server VM (17.0.12+8-LTS-286, mixed mode, sharing, tiered, compressed oops, compressed class ptrs, g1 gc, windows-amd64)
# No core dump will be written. Minidumps are not enabled by default on client versions of Windows
#

---------------  S U M M A R Y ------------

Command Line: -Dfile.encoding=UTF-8 com.example.sbd_modul2_kel46.SbdModul2Kel46Application

Host: 13th Gen Intel(R) Core(TM) i5-13450HX, 16 cores, 19G,  Windows 11 , 64 bit Build 26100 (10.0.26100.3037)
Time: Sun Mar  2 09:40:51 2025 SE Asia Standard Time elapsed time: 5.503633 seconds (0d 0h 0m 5s)

---------------  T H R E A D  ---------------

Current thread (0x0000013ef6d84950):  JavaThread "C2 CompilerThread2" daemon [_thread_in_native, id=4740, stack(0x000000022d900000,0x000000022da00000)]


Current CompileTask:
C2:   5504 2075       4       java.lang.invoke.MethodType::makeImpl (109 bytes)

Stack: [0x000000022d900000,0x000000022da00000]
Native frames: (J=compiled Java code, j=interpreted, Vv=VM code, C=native code)
V  [jvm.dll+0x67a04a]
V  [jvm.dll+0x7da4ed]
V  [jvm.dll+0x7dbe33]
V  [jvm.dll+0x7dc4a3]
V  [jvm.dll+0x24508f]
V  [jvm.dll+0xab773]
V  [jvm.dll+0xabd3c]
V  [jvm.dll+0x361bee]
V  [jvm.dll+0x32c431]
V  [jvm.dll+0x32b8ca]
V  [jvm.dll+0x21683f]
V  [jvm.dll+0x215c6f]
V  [jvm.dll+0x1a2960]
V  [jvm.dll+0x22610b]
V  [jvm.dll+0x2242ab]
V  [jvm.dll+0x79075c]
V  [jvm.dll+0x78abea]
V  [jvm.dll+0x678f35]
C  [ucrtbase.dll+0x37b0]
C  [KERNEL32.DLL+0x2e8d7]
C  [ntdll.dll+0xbbf2c]


---------------  P R O C E S S  ---------------

Threads class SMR info:
_java_thread_list=0x0000013ef6f08890, length=15, elements={
0x0000013ecc15cad0, 0x0000013ef11dee40, 0x0000013ef11dfa00, 0x0000013ef11ef020,
0x0000013ef11f3b00, 0x0000013ef11f44c0, 0x0000013ef11f4e80, 0x0000013ef11f7230,
0x0000013ef11f93a0, 0x0000013ef11ffd60, 0x0000013ef61a47a0, 0x0000013ef61b1d90,
0x0000013ef63f8630, 0x0000013ef6d84950, 0x0000013ef80af150
}

Java Threads: ( => current thread )
  0x0000013ecc15cad0 JavaThread "main" [_thread_in_vm, id=5924, stack(0x000000022bd00000,0x000000022be00000)]
  0x0000013ef11dee40 JavaThread "Reference Handler" daemon [_thread_blocked, id=1256, stack(0x000000022c400000,0x000000022c500000)]
  0x0000013ef11dfa00 JavaThread "Finalizer" daemon [_thread_blocked, id=23128, stack(0x000000022c500000,0x000000022c600000)]
  0x0000013ef11ef020 JavaThread "Signal Dispatcher" daemon [_thread_blocked, id=21400, stack(0x000000022c600000,0x000000022c700000)]
  0x0000013ef11f3b00 JavaThread "Attach Listener" daemon [_thread_blocked, id=16492, stack(0x000000022c700000,0x000000022c800000)]
  0x0000013ef11f44c0 JavaThread "Service Thread" daemon [_thread_blocked, id=27000, stack(0x000000022c800000,0x000000022c900000)]
  0x0000013ef11f4e80 JavaThread "Monitor Deflation Thread" daemon [_thread_blocked, id=23732, stack(0x000000022c900000,0x000000022ca00000)]
  0x0000013ef11f7230 JavaThread "C2 CompilerThread0" daemon [_thread_blocked, id=26048, stack(0x000000022ca00000,0x000000022cb00000)]
  0x0000013ef11f93a0 JavaThread "C1 CompilerThread0" daemon [_thread_in_native, id=17504, stack(0x000000022cb00000,0x000000022cc00000)]
  0x0000013ef11ffd60 JavaThread "Sweeper thread" daemon [_thread_blocked, id=23352, stack(0x000000022cc00000,0x000000022cd00000)]
  0x0000013ef61a47a0 JavaThread "Notification Thread" daemon [_thread_blocked, id=23184, stack(0x000000022ce00000,0x000000022cf00000)]
  0x0000013ef61b1d90 JavaThread "Common-Cleaner" daemon [_thread_blocked, id=13208, stack(0x000000022d000000,0x000000022d100000)]
  0x0000013ef63f8630 JavaThread "C2 CompilerThread1" daemon [_thread_blocked, id=28620, stack(0x000000022d100000,0x000000022d200000)]
=>0x0000013ef6d84950 JavaThread "C2 CompilerThread2" daemon [_thread_in_native, id=4740, stack(0x000000022d900000,0x000000022da00000)]
  0x0000013ef80af150 JavaThread "C1 CompilerThread1" daemon [_thread_in_native, id=21540, stack(0x000000022cd00000,0x000000022ce00000)]

Other Threads:
  0x0000013ef11d8be0 VMThread "VM Thread" [stack: 0x000000022c300000,0x000000022c400000] [id=18056]
  0x0000013ecc1ec2b0 WatcherThread [stack: 0x000000022cf00000,0x000000022d000000] [id=22780]
  0x0000013ecc1d68e0 GCTaskThread "GC Thread#0" [stack: 0x000000022be00000,0x000000022bf00000] [id=19524]
  0x0000013ef6ac9520 GCTaskThread "GC Thread#1" [stack: 0x000000022d300000,0x000000022d400000] [id=26124]
  0x0000013ef6af0b20 GCTaskThread "GC Thread#2" [stack: 0x000000022d400000,0x000000022d500000] [id=3640]
  0x0000013ef6af0de0 GCTaskThread "GC Thread#3" [stack: 0x000000022d500000,0x000000022d600000] [id=18460]
  0x0000013ef6af10a0 GCTaskThread "GC Thread#4" [stack: 0x000000022d600000,0x000000022d700000] [id=22260]
  0x0000013ef6af1360 GCTaskThread "GC Thread#5" [stack: 0x000000022d700000,0x000000022d800000] [id=25044]
  0x0000013ef6bc02b0 GCTaskThread "GC Thread#6" [stack: 0x000000022d800000,0x000000022d900000] [id=26044]
  0x0000013ecc1e2600 ConcurrentGCThread "G1 Main Marker" [stack: 0x000000022bf00000,0x000000022c000000] [id=23076]
  0x0000013ecc1e3ce0 ConcurrentGCThread "G1 Conc#0" [stack: 0x000000022c000000,0x000000022c100000] [id=23772]
  0x0000013ecc2188d0 ConcurrentGCThread "G1 Refine#0" [stack: 0x000000022c100000,0x000000022c200000] [id=1616]
  0x0000013ef1094740 ConcurrentGCThread "G1 Service" [stack: 0x000000022c200000,0x000000022c300000] [id=28572]

Threads with active compile tasks:
C1 CompilerThread0     5535 2207       3       java.lang.reflect.Proxy::isProxyClass (22 bytes)
C2 CompilerThread2     5536 2075       4       java.lang.invoke.MethodType::makeImpl (109 bytes)
C1 CompilerThread1     5536 2208       3       java.lang.reflect.Proxy$ProxyBuilder::isProxyClass (21 bytes)

VM state: not at safepoint (normal execution)

VM Mutex/Monitor currently owned by a thread: None

Heap address: 0x00000006c4800000, size: 5048 MB, Compressed Oops mode: Zero based, Oop shift amount: 3

CDS archive(s) mapped at: [0x0000013e80000000-0x0000013e80bd0000-0x0000013e80bd0000), size 12386304, SharedBaseAddress: 0x0000013e80000000, ArchiveRelocationMode: 1.
Compressed class space mapped at: 0x0000013e81000000-0x0000013ec1000000, reserved size: 1073741824
Narrow klass base: 0x0000013e80000000, Narrow klass shift: 0, Narrow klass range: 0x100000000

GC Precious Log:
 CPUs: 16 total, 16 available
 Memory: 20187M
 Large Page Support: Disabled
 NUMA Support: Disabled
 Compressed Oops: Enabled (Zero based)
 Heap Region Size: 4M
 Heap Min Capacity: 8M
 Heap Initial Capacity: 316M
 Heap Max Capacity: 5048M
 Pre-touch: Disabled
 Parallel Workers: 13
 Concurrent Workers: 3
 Concurrent Refinement Workers: 13
 Periodic GC: Disabled

Heap:
 garbage-first heap   total 323584K, used 30508K [0x00000006c4800000, 0x0000000800000000)
  region size 4096K, 8 young (32768K), 1 survivors (4096K)
 Metaspace       used 16155K, committed 16448K, reserved 1114112K
  class space    used 2022K, committed 2176K, reserved 1048576K

Heap Regions: E=young(eden), S=young(survivor), O=old, HS=humongous(starts), HC=humongous(continues), CS=collection set, F=free, OA=open archive, CA=closed archive, TAMS=top-at-mark-start (previous, next)
|   0|0x00000006c4800000, 0x00000006c4c00000, 0x00000006c4c00000|100%| O|  |TAMS 0x00000006c4800000, 0x00000006c4800000| Untracked 
|   1|0x00000006c4c00000, 0x00000006c4c7ae00, 0x00000006c5000000| 11%| O|  |TAMS 0x00000006c4c00000, 0x00000006c4c00000| Untracked 
|   2|0x00000006c5000000, 0x00000006c5000000, 0x00000006c5400000|  0%| F|  |TAMS 0x00000006c5000000, 0x00000006c5000000| Untracked 
|   3|0x00000006c5400000, 0x00000006c5400000, 0x00000006c5800000|  0%| F|  |TAMS 0x00000006c5400000, 0x00000006c5400000| Untracked 
|   4|0x00000006c5800000, 0x00000006c5800000, 0x00000006c5c00000|  0%| F|  |TAMS 0x00000006c5800000, 0x00000006c5800000| Untracked 
|   5|0x00000006c5c00000, 0x00000006c5c00000, 0x00000006c6000000|  0%| F|  |TAMS 0x00000006c5c00000, 0x00000006c5c00000| Untracked 
|   6|0x00000006c6000000, 0x00000006c6000000, 0x00000006c6400000|  0%| F|  |TAMS 0x00000006c6000000, 0x00000006c6000000| Untracked 
|   7|0x00000006c6400000, 0x00000006c6400000, 0x00000006c6800000|  0%| F|  |TAMS 0x00000006c6400000, 0x00000006c6400000| Untracked 
|   8|0x00000006c6800000, 0x00000006c6800000, 0x00000006c6c00000|  0%| F|  |TAMS 0x00000006c6800000, 0x00000006c6800000| Untracked 
|   9|0x00000006c6c00000, 0x00000006c6c00000, 0x00000006c7000000|  0%| F|  |TAMS 0x00000006c6c00000, 0x00000006c6c00000| Untracked 
|  10|0x00000006c7000000, 0x00000006c7000000, 0x00000006c7400000|  0%| F|  |TAMS 0x00000006c7000000, 0x00000006c7000000| Untracked 
|  11|0x00000006c7400000, 0x00000006c7400000, 0x00000006c7800000|  0%| F|  |TAMS 0x00000006c7400000, 0x00000006c7400000| Untracked 
|  12|0x00000006c7800000, 0x00000006c7800000, 0x00000006c7c00000|  0%| F|  |TAMS 0x00000006c7800000, 0x00000006c7800000| Untracked 
|  13|0x00000006c7c00000, 0x00000006c7c00000, 0x00000006c8000000|  0%| F|  |TAMS 0x00000006c7c00000, 0x00000006c7c00000| Untracked 
|  14|0x00000006c8000000, 0x00000006c8000000, 0x00000006c8400000|  0%| F|  |TAMS 0x00000006c8000000, 0x00000006c8000000| Untracked 
|  15|0x00000006c8400000, 0x00000006c8400000, 0x00000006c8800000|  0%| F|  |TAMS 0x00000006c8400000, 0x00000006c8400000| Untracked 
|  16|0x00000006c8800000, 0x00000006c8800000, 0x00000006c8c00000|  0%| F|  |TAMS 0x00000006c8800000, 0x00000006c8800000| Untracked 
|  17|0x00000006c8c00000, 0x00000006c8c00000, 0x00000006c9000000|  0%| F|  |TAMS 0x00000006c8c00000, 0x00000006c8c00000| Untracked 
|  18|0x00000006c9000000, 0x00000006c9000000, 0x00000006c9400000|  0%| F|  |TAMS 0x00000006c9000000, 0x00000006c9000000| Untracked 
|  19|0x00000006c9400000, 0x00000006c9400000, 0x00000006c9800000|  0%| F|  |TAMS 0x00000006c9400000, 0x00000006c9400000| Untracked 
|  20|0x00000006c9800000, 0x00000006c9800000, 0x00000006c9c00000|  0%| F|  |TAMS 0x00000006c9800000, 0x00000006c9800000| Untracked 
|  21|0x00000006c9c00000, 0x00000006c9c00000, 0x00000006ca000000|  0%| F|  |TAMS 0x00000006c9c00000, 0x00000006c9c00000| Untracked 
|  22|0x00000006ca000000, 0x00000006ca000000, 0x00000006ca400000|  0%| F|  |TAMS 0x00000006ca000000, 0x00000006ca000000| Untracked 
|  23|0x00000006ca400000, 0x00000006ca400000, 0x00000006ca800000|  0%| F|  |TAMS 0x00000006ca400000, 0x00000006ca400000| Untracked 
|  24|0x00000006ca800000, 0x00000006ca800000, 0x00000006cac00000|  0%| F|  |TAMS 0x00000006ca800000, 0x00000006ca800000| Untracked 
|  25|0x00000006cac00000, 0x00000006cac00000, 0x00000006cb000000|  0%| F|  |TAMS 0x00000006cac00000, 0x00000006cac00000| Untracked 
|  26|0x00000006cb000000, 0x00000006cb000000, 0x00000006cb400000|  0%| F|  |TAMS 0x00000006cb000000, 0x00000006cb000000| Untracked 
|  27|0x00000006cb400000, 0x00000006cb400000, 0x00000006cb800000|  0%| F|  |TAMS 0x00000006cb400000, 0x00000006cb400000| Untracked 
|  28|0x00000006cb800000, 0x00000006cb800000, 0x00000006cbc00000|  0%| F|  |TAMS 0x00000006cb800000, 0x00000006cb800000| Untracked 
|  29|0x00000006cbc00000, 0x00000006cbc00000, 0x00000006cc000000|  0%| F|  |TAMS 0x00000006cbc00000, 0x00000006cbc00000| Untracked 
|  30|0x00000006cc000000, 0x00000006cc000000, 0x00000006cc400000|  0%| F|  |TAMS 0x00000006cc000000, 0x00000006cc000000| Untracked 
|  31|0x00000006cc400000, 0x00000006cc400000, 0x00000006cc800000|  0%| F|  |TAMS 0x00000006cc400000, 0x00000006cc400000| Untracked 
|  32|0x00000006cc800000, 0x00000006cc800000, 0x00000006ccc00000|  0%| F|  |TAMS 0x00000006cc800000, 0x00000006cc800000| Untracked 
|  33|0x00000006ccc00000, 0x00000006ccc00000, 0x00000006cd000000|  0%| F|  |TAMS 0x00000006ccc00000, 0x00000006ccc00000| Untracked 
|  34|0x00000006cd000000, 0x00000006cd000000, 0x00000006cd400000|  0%| F|  |TAMS 0x00000006cd000000, 0x00000006cd000000| Untracked 
|  35|0x00000006cd400000, 0x00000006cd400000, 0x00000006cd800000|  0%| F|  |TAMS 0x00000006cd400000, 0x00000006cd400000| Untracked 
|  36|0x00000006cd800000, 0x00000006cd800000, 0x00000006cdc00000|  0%| F|  |TAMS 0x00000006cd800000, 0x00000006cd800000| Untracked 
|  37|0x00000006cdc00000, 0x00000006cdc00000, 0x00000006ce000000|  0%| F|  |TAMS 0x00000006cdc00000, 0x00000006cdc00000| Untracked 
|  38|0x00000006ce000000, 0x00000006ce000000, 0x00000006ce400000|  0%| F|  |TAMS 0x00000006ce000000, 0x00000006ce000000| Untracked 
|  39|0x00000006ce400000, 0x00000006ce400000, 0x00000006ce800000|  0%| F|  |TAMS 0x00000006ce400000, 0x00000006ce400000| Untracked 
|  40|0x00000006ce800000, 0x00000006ce800000, 0x00000006cec00000|  0%| F|  |TAMS 0x00000006ce800000, 0x00000006ce800000| Untracked 
|  41|0x00000006cec00000, 0x00000006cec00000, 0x00000006cf000000|  0%| F|  |TAMS 0x00000006cec00000, 0x00000006cec00000| Untracked 
|  42|0x00000006cf000000, 0x00000006cf000000, 0x00000006cf400000|  0%| F|  |TAMS 0x00000006cf000000, 0x00000006cf000000| Untracked 
|  43|0x00000006cf400000, 0x00000006cf400000, 0x00000006cf800000|  0%| F|  |TAMS 0x00000006cf400000, 0x00000006cf400000| Untracked 
|  44|0x00000006cf800000, 0x00000006cf800000, 0x00000006cfc00000|  0%| F|  |TAMS 0x00000006cf800000, 0x00000006cf800000| Untracked 
|  45|0x00000006cfc00000, 0x00000006cfc00000, 0x00000006d0000000|  0%| F|  |TAMS 0x00000006cfc00000, 0x00000006cfc00000| Untracked 
|  46|0x00000006d0000000, 0x00000006d0000000, 0x00000006d0400000|  0%| F|  |TAMS 0x00000006d0000000, 0x00000006d0000000| Untracked 
|  47|0x00000006d0400000, 0x00000006d0400000, 0x00000006d0800000|  0%| F|  |TAMS 0x00000006d0400000, 0x00000006d0400000| Untracked 
|  48|0x00000006d0800000, 0x00000006d0800000, 0x00000006d0c00000|  0%| F|  |TAMS 0x00000006d0800000, 0x00000006d0800000| Untracked 
|  49|0x00000006d0c00000, 0x00000006d0c00000, 0x00000006d1000000|  0%| F|  |TAMS 0x00000006d0c00000, 0x00000006d0c00000| Untracked 
|  50|0x00000006d1000000, 0x00000006d1000000, 0x00000006d1400000|  0%| F|  |TAMS 0x00000006d1000000, 0x00000006d1000000| Untracked 
|  51|0x00000006d1400000, 0x00000006d1400000, 0x00000006d1800000|  0%| F|  |TAMS 0x00000006d1400000, 0x00000006d1400000| Untracked 
|  52|0x00000006d1800000, 0x00000006d1800000, 0x00000006d1c00000|  0%| F|  |TAMS 0x00000006d1800000, 0x00000006d1800000| Untracked 
|  53|0x00000006d1c00000, 0x00000006d1c00000, 0x00000006d2000000|  0%| F|  |TAMS 0x00000006d1c00000, 0x00000006d1c00000| Untracked 
|  54|0x00000006d2000000, 0x00000006d2000000, 0x00000006d2400000|  0%| F|  |TAMS 0x00000006d2000000, 0x00000006d2000000| Untracked 
|  55|0x00000006d2400000, 0x00000006d2400000, 0x00000006d2800000|  0%| F|  |TAMS 0x00000006d2400000, 0x00000006d2400000| Untracked 
|  56|0x00000006d2800000, 0x00000006d2800000, 0x00000006d2c00000|  0%| F|  |TAMS 0x00000006d2800000, 0x00000006d2800000| Untracked 
|  57|0x00000006d2c00000, 0x00000006d2c00000, 0x00000006d3000000|  0%| F|  |TAMS 0x00000006d2c00000, 0x00000006d2c00000| Untracked 
|  58|0x00000006d3000000, 0x00000006d3000000, 0x00000006d3400000|  0%| F|  |TAMS 0x00000006d3000000, 0x00000006d3000000| Untracked 
|  59|0x00000006d3400000, 0x00000006d3400000, 0x00000006d3800000|  0%| F|  |TAMS 0x00000006d3400000, 0x00000006d3400000| Untracked 
|  60|0x00000006d3800000, 0x00000006d3800000, 0x00000006d3c00000|  0%| F|  |TAMS 0x00000006d3800000, 0x00000006d3800000| Untracked 
|  61|0x00000006d3c00000, 0x00000006d3c00000, 0x00000006d4000000|  0%| F|  |TAMS 0x00000006d3c00000, 0x00000006d3c00000| Untracked 
|  62|0x00000006d4000000, 0x00000006d4000000, 0x00000006d4400000|  0%| F|  |TAMS 0x00000006d4000000, 0x00000006d4000000| Untracked 
|  63|0x00000006d4400000, 0x00000006d4400000, 0x00000006d4800000|  0%| F|  |TAMS 0x00000006d4400000, 0x00000006d4400000| Untracked 
|  64|0x00000006d4800000, 0x00000006d4800000, 0x00000006d4c00000|  0%| F|  |TAMS 0x00000006d4800000, 0x00000006d4800000| Untracked 
|  65|0x00000006d4c00000, 0x00000006d4c00000, 0x00000006d5000000|  0%| F|  |TAMS 0x00000006d4c00000, 0x00000006d4c00000| Untracked 
|  66|0x00000006d5000000, 0x00000006d5000000, 0x00000006d5400000|  0%| F|  |TAMS 0x00000006d5000000, 0x00000006d5000000| Untracked 
|  67|0x00000006d5400000, 0x00000006d5400000, 0x00000006d5800000|  0%| F|  |TAMS 0x00000006d5400000, 0x00000006d5400000| Untracked 
|  68|0x00000006d5800000, 0x00000006d5800000, 0x00000006d5c00000|  0%| F|  |TAMS 0x00000006d5800000, 0x00000006d5800000| Untracked 
|  69|0x00000006d5c00000, 0x00000006d5c00000, 0x00000006d6000000|  0%| F|  |TAMS 0x00000006d5c00000, 0x00000006d5c00000| Untracked 
|  70|0x00000006d6000000, 0x00000006d6000000, 0x00000006d6400000|  0%| F|  |TAMS 0x00000006d6000000, 0x00000006d6000000| Untracked 
|  71|0x00000006d6400000, 0x00000006d66fd670, 0x00000006d6800000| 74%| E|  |TAMS 0x00000006d6400000, 0x00000006d6400000| Complete 
|  72|0x00000006d6800000, 0x00000006d6c00000, 0x00000006d6c00000|100%| E|CS|TAMS 0x00000006d6800000, 0x00000006d6800000| Complete 
|  73|0x00000006d6c00000, 0x00000006d7000000, 0x00000006d7000000|100%| E|CS|TAMS 0x00000006d6c00000, 0x00000006d6c00000| Complete 
|  74|0x00000006d7000000, 0x00000006d71502c0, 0x00000006d7400000| 32%| S|CS|TAMS 0x00000006d7000000, 0x00000006d7000000| Complete 
|  75|0x00000006d7400000, 0x00000006d7800000, 0x00000006d7800000|100%| E|CS|TAMS 0x00000006d7400000, 0x00000006d7400000| Complete 
|  76|0x00000006d7800000, 0x00000006d7c00000, 0x00000006d7c00000|100%| E|CS|TAMS 0x00000006d7800000, 0x00000006d7800000| Complete 
|  77|0x00000006d7c00000, 0x00000006d8000000, 0x00000006d8000000|100%| E|CS|TAMS 0x00000006d7c00000, 0x00000006d7c00000| Complete 
|  78|0x00000006d8000000, 0x00000006d8400000, 0x00000006d8400000|100%| E|CS|TAMS 0x00000006d8000000, 0x00000006d8000000| Complete 

Card table byte_map: [0x0000013ee3c70000,0x0000013ee4650000] _byte_map_base: 0x0000013ee064c000

Marking Bits (Prev, Next): (CMBitMap*) 0x0000013ecc1d7f10, (CMBitMap*) 0x0000013ecc1d7f50
 Prev Bits: [0x0000013ee5030000, 0x0000013ee9f10000)
 Next Bits: [0x0000013ee9f10000, 0x0000013eeedf0000)

Polling page: 0x0000013ecb8c0000

Metaspace:

Usage:
  Non-class:     13.81 MB used.
      Class:      1.98 MB used.
       Both:     15.78 MB used.

Virtual space:
  Non-class space:       64.00 MB reserved,      13.94 MB ( 22%) committed,  1 nodes.
      Class space:        1.00 GB reserved,       2.12 MB ( <1%) committed,  1 nodes.
             Both:        1.06 GB reserved,      16.06 MB (  1%) committed. 

Chunk freelists:
   Non-Class:  1.76 MB
       Class:  13.70 MB
        Both:  15.46 MB

MaxMetaspaceSize: unlimited
CompressedClassSpaceSize: 1.00 GB
Initial GC threshold: 21.00 MB
Current GC threshold: 21.00 MB
CDS: on
MetaspaceReclaimPolicy: balanced
 - commit_granule_bytes: 65536.
 - commit_granule_words: 8192.
 - virtual_space_node_default_size: 8388608.
 - enlarge_chunks_in_place: 1.
 - new_chunks_are_fully_committed: 0.
 - uncommit_free_chunks: 1.
 - use_allocation_guard: 0.
 - handle_deallocations: 1.


Internal statistics:

num_allocs_failed_limit: 0.
num_arena_births: 260.
num_arena_deaths: 0.
num_vsnodes_births: 2.
num_vsnodes_deaths: 0.
num_space_committed: 257.
num_space_uncommitted: 0.
num_chunks_returned_to_freelist: 0.
num_chunks_taken_from_freelist: 809.
num_chunk_merges: 0.
num_chunk_splits: 543.
num_chunks_enlarged: 409.
num_inconsistent_stats: 0.

CodeHeap 'non-profiled nmethods': size=119168Kb used=832Kb max_used=832Kb free=118335Kb
 bounds [0x0000013edb5b0000, 0x0000013edb820000, 0x0000013ee2a10000]
CodeHeap 'profiled nmethods': size=119104Kb used=4419Kb max_used=4419Kb free=114684Kb
 bounds [0x0000013ed3a10000, 0x0000013ed3e70000, 0x0000013edae60000]
CodeHeap 'non-nmethods': size=7488Kb used=1765Kb max_used=2937Kb free=5722Kb
 bounds [0x0000013edae60000, 0x0000013edb150000, 0x0000013edb5b0000]
 total_blobs=2709 nmethods=2210 adapters=410
 compilation: enabled
              stopped_count=0, restarted_count=0
 full_count=0

Compilation events (20 events):
Event: 4.464 Thread 0x0000013ef11f93a0 2165       3       java.nio.ByteBuffer::limit (8 bytes)
Event: 4.464 Thread 0x0000013ef11f93a0 nmethod 2165 0x0000013ed3e3ea10 code [0x0000013ed3e3eba0, 0x0000013ed3e3ece8]
Event: 4.466 Thread 0x0000013ef8e24a60 2166       3       java.security.Provider$UString::hashCode (8 bytes)
Event: 4.466 Thread 0x0000013ef8e24a60 nmethod 2166 0x0000013ed3e3ed90 code [0x0000013ed3e3ef40, 0x0000013ed3e3f088]
Event: 4.467 Thread 0x0000013ef63f8630 nmethod 2144 0x0000013edb67d010 code [0x0000013edb67d1c0, 0x0000013edb67d618]
Event: 4.467 Thread 0x0000013ef8e24a60 2167       3       java.nio.Buffer::<init> (105 bytes)
Event: 4.468 Thread 0x0000013ef8e24a60 nmethod 2167 0x0000013ed3e3f190 code [0x0000013ed3e3f440, 0x0000013ed3e3ffb8]
Event: 4.469 Thread 0x0000013ef11f7230 nmethod 2145 0x0000013edb67da90 code [0x0000013edb67dca0, 0x0000013edb67e620]
Event: 4.470 Thread 0x0000013ef8664be0 2170       3       java.util.HashMap::put (13 bytes)
Event: 4.470 Thread 0x0000013ef80af150 2169       3       java.lang.Integer::hashCode (2 bytes)
Event: 4.470 Thread 0x0000013ef11f93a0 2168       3       java.lang.Integer::hashCode (8 bytes)
Event: 4.470 Thread 0x0000013ef80af150 nmethod 2169 0x0000013ed3e40410 code [0x0000013ed3e405a0, 0x0000013ed3e40698]
Event: 4.470 Thread 0x0000013ef63f8630 2171       4       java.util.ArrayList::add (25 bytes)
Event: 4.470 Thread 0x0000013ef11f93a0 nmethod 2168 0x0000013ed3e40710 code [0x0000013ed3e408a0, 0x0000013ed3e409f8]
Event: 4.470 Thread 0x0000013ef8664be0 nmethod 2170 0x0000013ed3e40a90 code [0x0000013ed3e40c40, 0x0000013ed3e40f38]
Event: 4.471 Thread 0x0000013ef80af150 2172       3       java.util.Collections$3::hasMoreElements (10 bytes)
Event: 4.471 Thread 0x0000013ef8e24a60 2173       3       java.util.Collections$3::nextElement (10 bytes)
Event: 4.471 Thread 0x0000013ef80af150 nmethod 2172 0x0000013ed3e41090 code [0x0000013ed3e41240, 0x0000013ed3e41428]
Event: 4.471 Thread 0x0000013ef8e24a60 nmethod 2173 0x0000013ed3e41510 code [0x0000013ed3e416c0, 0x0000013ed3e418a8]
Event: 4.476 Thread 0x0000013ef63f8630 nmethod 2171 0x0000013edb67ec10 code [0x0000013edb67edc0, 0x0000013edb67f588]

GC Heap History (4 events):
Event: 1.781 GC heap before
{Heap before GC invocations=0 (full 0):
 garbage-first heap   total 323584K, used 16384K [0x00000006c4800000, 0x0000000800000000)
  region size 4096K, 5 young (20480K), 0 survivors (0K)
 Metaspace       used 5888K, committed 6080K, reserved 1114112K
  class space    used 694K, committed 768K, reserved 1048576K
}
Event: 1.785 GC heap after
{Heap after GC invocations=1 (full 0):
 garbage-first heap   total 323584K, used 4586K [0x00000006c4800000, 0x0000000800000000)
  region size 4096K, 1 young (4096K), 1 survivors (4096K)
 Metaspace       used 5888K, committed 6080K, reserved 1114112K
  class space    used 694K, committed 768K, reserved 1048576K
}
Event: 2.090 GC heap before
{Heap before GC invocations=1 (full 0):
 garbage-first heap   total 323584K, used 16874K [0x00000006c4800000, 0x0000000800000000)
  region size 4096K, 5 young (20480K), 1 survivors (4096K)
 Metaspace       used 9269K, committed 9536K, reserved 1114112K
  class space    used 1159K, committed 1280K, reserved 1048576K
}
Event: 2.093 GC heap after
{Heap after GC invocations=2 (full 0):
 garbage-first heap   total 323584K, used 5932K [0x00000006c4800000, 0x0000000800000000)
  region size 4096K, 1 young (4096K), 1 survivors (4096K)
 Metaspace       used 9269K, committed 9536K, reserved 1114112K
  class space    used 1159K, committed 1280K, reserved 1048576K
}

Deoptimization events (20 events):
Event: 4.449 Thread 0x0000013ef70ae360 Uncommon trap: trap_request=0xffffffde fr.pc=0x0000013edb64567c relative=0x000000000000085c
Event: 4.449 Thread 0x0000013ef70ae360 Uncommon trap: reason=class_check action=maybe_recompile pc=0x0000013edb64567c method=java.util.HashMap.putVal(ILjava/lang/Object;Ljava/lang/Object;ZZ)Ljava/lang/Object; @ 203 c2
Event: 4.449 Thread 0x0000013ef70ae360 DEOPT PACKING pc=0x0000013edb64567c sp=0x000000022dafc660
Event: 4.449 Thread 0x0000013ef70ae360 DEOPT UNPACKING pc=0x0000013edaeb23a3 sp=0x000000022dafc588 mode 2
Event: 4.449 Thread 0x0000013ef70ae360 Uncommon trap: trap_request=0xffffffc6 fr.pc=0x0000013edb64fa78 relative=0x0000000000000318
Event: 4.449 Thread 0x0000013ef70ae360 Uncommon trap: reason=bimorphic_or_optimized_type_check action=maybe_recompile pc=0x0000013edb64fa78 method=java.util.HashMap.getNode(Ljava/lang/Object;)Ljava/util/HashMap$Node; @ 128 c2
Event: 4.449 Thread 0x0000013ef70ae360 DEOPT PACKING pc=0x0000013edb64fa78 sp=0x000000022dafc6a0
Event: 4.449 Thread 0x0000013ef70ae360 DEOPT UNPACKING pc=0x0000013edaeb23a3 sp=0x000000022dafc5a8 mode 2
Event: 4.449 Thread 0x0000013ef70ae360 Uncommon trap: trap_request=0xffffffc6 fr.pc=0x0000013edb612188 relative=0x0000000000000328
Event: 4.449 Thread 0x0000013ef70ae360 Uncommon trap: reason=bimorphic_or_optimized_type_check action=maybe_recompile pc=0x0000013edb612188 method=java.util.HashMap.getNode(Ljava/lang/Object;)Ljava/util/HashMap$Node; @ 128 c2
Event: 4.449 Thread 0x0000013ef70ae360 DEOPT PACKING pc=0x0000013edb612188 sp=0x000000022dafc630
Event: 4.449 Thread 0x0000013ef70ae360 DEOPT UNPACKING pc=0x0000013edaeb23a3 sp=0x000000022dafc5a8 mode 2
Event: 4.450 Thread 0x0000013ef70ae360 Uncommon trap: trap_request=0xffffffde fr.pc=0x0000013edb64567c relative=0x000000000000085c
Event: 4.450 Thread 0x0000013ef70ae360 Uncommon trap: reason=class_check action=maybe_recompile pc=0x0000013edb64567c method=java.util.HashMap.putVal(ILjava/lang/Object;Ljava/lang/Object;ZZ)Ljava/lang/Object; @ 203 c2
Event: 4.450 Thread 0x0000013ef70ae360 DEOPT PACKING pc=0x0000013edb64567c sp=0x000000022dafc660
Event: 4.450 Thread 0x0000013ef70ae360 DEOPT UNPACKING pc=0x0000013edaeb23a3 sp=0x000000022dafc588 mode 2
Event: 4.469 Thread 0x0000013ef70ae360 Uncommon trap: trap_request=0xffffff45 fr.pc=0x0000013edb67ded0 relative=0x0000000000000230
Event: 4.469 Thread 0x0000013ef70ae360 Uncommon trap: reason=unstable_if action=reinterpret pc=0x0000013edb67ded0 method=java.util.HashMap.putVal(ILjava/lang/Object;Ljava/lang/Object;ZZ)Ljava/lang/Object; @ 162 c2
Event: 4.469 Thread 0x0000013ef70ae360 DEOPT PACKING pc=0x0000013edb67ded0 sp=0x000000022dafd2d0
Event: 4.469 Thread 0x0000013ef70ae360 DEOPT UNPACKING pc=0x0000013edaeb23a3 sp=0x000000022dafd1f8 mode 2

Classes unloaded (0 events):
No events

Classes redefined (0 events):
No events

Internal exceptions (20 events):
Event: 1.913 Thread 0x0000013ecc15cad0 Exception <a 'java/lang/NoSuchMethodError'{0x00000006d7e5df88}: 'void java.lang.invoke.DirectMethodHandle$Holder.invokeInterface(java.lang.Object, java.lang.Object, java.lang.Object)'> (0x00000006d7e5df88) 
thrown [s\open\src\hotspot\share\interpreter\linkResolver.cpp, line 759]
Event: 1.930 Thread 0x0000013ecc15cad0 Exception <a 'java/lang/NoSuchMethodError'{0x00000006d7ee70a0}: 'void java.lang.invoke.DirectMethodHandle$Holder.invokeStaticInit(java.lang.Object, java.lang.Object, java.lang.Object)'> (0x00000006d7ee70a0) 
thrown [s\open\src\hotspot\share\interpreter\linkResolver.cpp, line 759]
Event: 1.936 Thread 0x0000013ecc15cad0 Exception <a 'java/lang/NoSuchMethodError'{0x00000006d7f07f60}: 'java.lang.Object java.lang.invoke.DirectMethodHandle$Holder.invokeVirtual(java.lang.Object, java.lang.Object, java.lang.Object)'> (0x00000006d7f07f60) 
thrown [s\open\src\hotspot\share\interpreter\linkResolver.cpp, line 759]
Event: 1.958 Thread 0x0000013ecc15cad0 Exception <a 'java/lang/NoSuchMethodError'{0x00000006d7f9d810}: 'void java.lang.invoke.DirectMethodHandle$Holder.invokeVirtual(java.lang.Object, java.lang.Object, java.lang.Object, java.lang.Object)'> (0x00000006d7f9d810) 
thrown [s\open\src\hotspot\share\interpreter\linkResolver.cpp, line 759]
Event: 1.975 Thread 0x0000013ecc15cad0 Exception <a 'java/lang/NoSuchMethodError'{0x00000006d78506d0}: 'java.lang.Object java.lang.invoke.DirectMethodHandle$Holder.invokeSpecial(java.lang.Object, java.lang.Object, long, java.lang.Object, java.lang.Object, java.lang.Object, java.lang.Object, java.lang.Object, java.lang.Object)'> (0x00000006d78506d0) 
thrown [s\open\src\hotspot\share\interpreter\linkResolver.cpp, line 759]
Event: 1.975 Thread 0x0000013ecc15cad0 Exception <a 'java/lang/NoSuchMethodError'{0x00000006d7854f50}: 'java.lang.Object java.lang.invoke.DelegatingMethodHandle$Holder.reinvoke_L(java.lang.Object, long, java.lang.Object, java.lang.Object, java.lang.Object, java.lang.Object, java.lang.Object, java.lang.Object)'> (0x00000006d7854f50) 
thrown [s\open\src\hotspot\share\interpreter\linkResolver.cpp, line 759]
Event: 2.021 Thread 0x0000013ecc15cad0 Exception <a 'java/lang/NoSuchMethodError'{0x00000006d7a1c638}: 'void java.lang.invoke.DirectMethodHandle$Holder.invokeSpecial(java.lang.Object, java.lang.Object, java.lang.Object)'> (0x00000006d7a1c638) 
thrown [s\open\src\hotspot\share\interpreter\linkResolver.cpp, line 759]
Event: 2.030 Thread 0x0000013ef70ae360 Exception <a 'java/lang/NoClassDefFoundError'{0x00000006d7a8d7b8}: jakarta/validation/Validation> (0x00000006d7a8d7b8) 
thrown [s\open\src\hotspot\share\classfile\systemDictionary.cpp, line 245]
Event: 2.036 Thread 0x0000013ecc15cad0 Exception <a 'java/lang/NoSuchMethodError'{0x00000006d7acd418}: 'java.lang.Object java.lang.invoke.DirectMethodHandle$Holder.invokeStatic(java.lang.Object, java.lang.Object, int)'> (0x00000006d7acd418) 
thrown [s\open\src\hotspot\share\interpreter\linkResolver.cpp, line 759]
Event: 2.037 Thread 0x0000013ecc15cad0 Exception <a 'java/lang/NoSuchMethodError'{0x00000006d7ad8c08}: 'void java.lang.invoke.DelegatingMethodHandle$Holder.delegate(java.lang.Object, java.lang.Object, int, java.lang.Object)'> (0x00000006d7ad8c08) 
thrown [s\open\src\hotspot\share\interpreter\linkResolver.cpp, line 759]
Event: 2.053 Thread 0x0000013ecc15cad0 Exception <a 'java/lang/IncompatibleClassChangeError'{0x00000006d744d660}: Found class java.lang.Object, but interface was expected> (0x00000006d744d660) 
thrown [s\open\src\hotspot\share\interpreter\linkResolver.cpp, line 826]
Event: 4.385 Thread 0x0000013ef70ae360 Exception <a 'java/lang/NoSuchMethodError'{0x00000006d6a49c70}: 'long java.lang.invoke.DirectMethodHandle$Holder.invokeSpecial(java.lang.Object, java.lang.Object)'> (0x00000006d6a49c70) 
thrown [s\open\src\hotspot\share\interpreter\linkResolver.cpp, line 759]
Event: 4.386 Thread 0x0000013ef70ae360 Exception <a 'java/lang/NoSuchMethodError'{0x00000006d6a54bf0}: 'long java.lang.invoke.DirectMethodHandle$Holder.invokeStatic(java.lang.Object, java.lang.Object)'> (0x00000006d6a54bf0) 
thrown [s\open\src\hotspot\share\interpreter\linkResolver.cpp, line 759]
Event: 4.387 Thread 0x0000013ef70ae360 Exception <a 'java/lang/NoSuchMethodError'{0x00000006d6a57f48}: 'long java.lang.invoke.DirectMethodHandle$Holder.invokeStaticInit(java.lang.Object, java.lang.Object)'> (0x00000006d6a57f48) 
thrown [s\open\src\hotspot\share\interpreter\linkResolver.cpp, line 759]
Event: 4.388 Thread 0x0000013ef70ae360 Exception <a 'java/lang/NoSuchMethodError'{0x00000006d6a65848}: 'long java.lang.invoke.DirectMethodHandle$Holder.invokeInterface(java.lang.Object, java.lang.Object)'> (0x00000006d6a65848) 
thrown [s\open\src\hotspot\share\interpreter\linkResolver.cpp, line 759]
Event: 4.389 Thread 0x0000013ef70ae360 Exception <a 'java/lang/IncompatibleClassChangeError'{0x00000006d6a68b30}: Found class java.lang.Object, but interface was expected> (0x00000006d6a68b30) 
thrown [s\open\src\hotspot\share\interpreter\linkResolver.cpp, line 826]
Event: 4.392 Thread 0x0000013ef70ae360 Exception <a 'java/lang/NoSuchMethodError'{0x00000006d6a81988}: 'java.lang.Object java.lang.invoke.DirectMethodHandle$Holder.invokeVirtual(java.lang.Object, java.lang.Object, java.lang.Object, java.lang.Object)'> (0x00000006d6a81988) 
thrown [s\open\src\hotspot\share\interpreter\linkResolver.cpp, line 759]
Event: 4.398 Thread 0x0000013ecc15cad0 Exception <a 'sun/nio/fs/WindowsException'{0x00000006d6ab3e50}> (0x00000006d6ab3e50) 
thrown [s\open\src\hotspot\share\prims\jni.cpp, line 516]
Event: 4.398 Thread 0x0000013ecc15cad0 Exception <a 'java/lang/NoSuchMethodError'{0x00000006d6ab5880}: 'int java.lang.invoke.DirectMethodHandle$Holder.invokeSpecial(java.lang.Object, java.lang.Object, java.lang.Object, java.lang.Object, java.lang.Object)'> (0x00000006d6ab5880) 
thrown [s\open\src\hotspot\share\interpreter\linkResolver.cpp, line 759]
Event: 4.400 Thread 0x0000013ecc15cad0 Exception <a 'java/lang/NoSuchMethodError'{0x00000006d6abe808}: 'void java.lang.invoke.DirectMethodHandle$Holder.invokeVirtual(java.lang.Object, java.lang.Object)'> (0x00000006d6abe808) 
thrown [s\open\src\hotspot\share\interpreter\linkResolver.cpp, line 759]

VM Operations (20 events):
Event: 4.225 Executing VM operation: HandshakeAllThreads
Event: 4.225 Executing VM operation: HandshakeAllThreads done
Event: 4.225 Executing VM operation: Cleanup
Event: 4.225 Executing VM operation: Cleanup done
Event: 4.226 Executing VM operation: HandshakeAllThreads
Event: 4.226 Executing VM operation: HandshakeAllThreads done
Event: 4.226 Executing VM operation: HandshakeAllThreads
Event: 4.226 Executing VM operation: HandshakeAllThreads done
Event: 4.227 Executing VM operation: HandshakeAllThreads
Event: 4.228 Executing VM operation: HandshakeAllThreads done
Event: 4.336 Executing VM operation: HandshakeAllThreads
Event: 4.336 Executing VM operation: HandshakeAllThreads done
Event: 4.382 Executing VM operation: HandshakeAllThreads
Event: 4.382 Executing VM operation: HandshakeAllThreads done
Event: 4.434 Executing VM operation: HandshakeAllThreads
Event: 4.434 Executing VM operation: HandshakeAllThreads done
Event: 4.447 Executing VM operation: HandshakeAllThreads
Event: 4.447 Executing VM operation: HandshakeAllThreads done
Event: 5.449 Executing VM operation: Cleanup
Event: 5.450 Executing VM operation: Cleanup done

Events (20 events):
Event: 4.467 loading class java/security/AuthProvider done
Event: 4.468 loading class java/lang/AssertionError
Event: 4.468 loading class java/lang/AssertionError done
Event: 4.468 loading class javax/security/auth/login/FailedLoginException
Event: 4.468 loading class javax/security/auth/login/FailedLoginException done
Event: 4.468 loading class javax/security/auth/callback/CallbackHandler
Event: 4.468 loading class javax/security/auth/callback/CallbackHandler done
Event: 4.468 loading class javax/security/auth/Subject
Event: 4.468 loading class javax/security/auth/Subject done
Event: 4.470 loading class com/sun/security/sasl/Provider
Event: 4.470 loading class com/sun/security/sasl/Provider done
Event: 4.470 loading class com/sun/security/sasl/Provider$1
Event: 4.470 loading class com/sun/security/sasl/Provider$1 done
Event: 4.470 loading class com/sun/security/sasl/Provider$ProviderService
Event: 4.470 loading class com/sun/security/sasl/Provider$ProviderService done
Event: 4.470 loading class sun/security/provider/certpath/ldap/JdkLDAP
Event: 4.470 loading class sun/security/provider/certpath/ldap/JdkLDAP done
Event: 4.471 loading class sun/security/provider/certpath/ldap/JdkLDAP$ProviderService
Event: 4.471 loading class sun/security/provider/certpath/ldap/JdkLDAP$ProviderService done
Event: 4.472 Thread 0x0000013ef70ae360 Thread exited: 0x0000013ef70ae360


Dynamic libraries:
0x00007ff7b9270000 - 0x00007ff7b9280000 	C:\Program Files\Java\jdk-17\bin\java.exe
0x00007fff23f00000 - 0x00007fff24163000 	C:\WINDOWS\SYSTEM32\ntdll.dll
0x00007fff22e80000 - 0x00007fff22f47000 	C:\WINDOWS\System32\KERNEL32.DLL
0x00007fff214d0000 - 0x00007fff21897000 	C:\WINDOWS\System32\KERNELBASE.dll
0x00007fff218a0000 - 0x00007fff219ec000 	C:\WINDOWS\System32\ucrtbase.dll
0x00007ffeedba0000 - 0x00007ffeedbbb000 	C:\Program Files\Java\jdk-17\bin\VCRUNTIME140.dll
0x00007fff15c50000 - 0x00007fff15c69000 	C:\Program Files\Java\jdk-17\bin\jli.dll
0x00007fff23340000 - 0x00007fff233f4000 	C:\WINDOWS\System32\ADVAPI32.dll
0x00007fff22db0000 - 0x00007fff22e59000 	C:\WINDOWS\System32\msvcrt.dll
0x00007fff22520000 - 0x00007fff225c6000 	C:\WINDOWS\System32\sechost.dll
0x00007fff23da0000 - 0x00007fff23eb6000 	C:\WINDOWS\System32\RPCRT4.dll
0x00007fff23010000 - 0x00007fff231d9000 	C:\WINDOWS\System32\USER32.dll
0x00007fff213e0000 - 0x00007fff21407000 	C:\WINDOWS\System32\win32u.dll
0x00007fff03250000 - 0x00007fff034e0000 	C:\WINDOWS\WinSxS\amd64_microsoft.windows.common-controls_6595b64144ccf1df_6.0.26100.3037_none_3e09262ce333c378\COMCTL32.dll
0x00007fff22fd0000 - 0x00007fff22ffa000 	C:\WINDOWS\System32\GDI32.dll
0x00007fff21b70000 - 0x00007fff21c9b000 	C:\WINDOWS\System32\gdi32full.dll
0x00007fff21330000 - 0x00007fff213d3000 	C:\WINDOWS\System32\msvcp_win.dll
0x00007fff16660000 - 0x00007fff1666b000 	C:\WINDOWS\SYSTEM32\VERSION.dll
0x00007fff22430000 - 0x00007fff2245f000 	C:\WINDOWS\System32\IMM32.DLL
0x00007fff15b90000 - 0x00007fff15b9c000 	C:\Program Files\Java\jdk-17\bin\vcruntime140_1.dll
0x00007ffeeb8b0000 - 0x00007ffeeb93e000 	C:\Program Files\Java\jdk-17\bin\msvcp140.dll
0x00007ffe47c90000 - 0x00007ffe48870000 	C:\Program Files\Java\jdk-17\bin\server\jvm.dll
0x00007fff22e60000 - 0x00007fff22e68000 	C:\WINDOWS\System32\PSAPI.DLL
0x00007ffef37f0000 - 0x00007ffef37fa000 	C:\WINDOWS\SYSTEM32\WSOCK32.dll
0x00007fff16990000 - 0x00007fff169c6000 	C:\WINDOWS\SYSTEM32\WINMM.dll
0x00007fff22d20000 - 0x00007fff22d94000 	C:\WINDOWS\System32\WS2_32.dll
0x00007fff20120000 - 0x00007fff2013a000 	C:\WINDOWS\SYSTEM32\kernel.appcore.dll
0x00007ffeec410000 - 0x00007ffeec41a000 	C:\Program Files\Java\jdk-17\bin\jimage.dll
0x00007fff1eb20000 - 0x00007fff1ed61000 	C:\WINDOWS\SYSTEM32\DBGHELP.DLL
0x00007fff226c0000 - 0x00007fff22a3e000 	C:\WINDOWS\System32\combase.dll
0x00007fff23460000 - 0x00007fff23536000 	C:\WINDOWS\System32\OLEAUT32.dll
0x00007fff007b0000 - 0x00007fff007e9000 	C:\WINDOWS\SYSTEM32\dbgcore.DLL
0x00007fff21ca0000 - 0x00007fff21d39000 	C:\WINDOWS\System32\bcryptPrimitives.dll
0x00007ffeebc10000 - 0x00007ffeebc35000 	C:\Program Files\Java\jdk-17\bin\java.dll
0x00007ffeebb30000 - 0x00007ffeebc07000 	C:\Program Files\Java\jdk-17\bin\jsvml.dll
0x00007fff23610000 - 0x00007fff23d14000 	C:\WINDOWS\System32\SHELL32.dll
0x00007fff1efb0000 - 0x00007fff1f7e7000 	C:\WINDOWS\SYSTEM32\windows.storage.dll
0x00007fff225d0000 - 0x00007fff226b9000 	C:\WINDOWS\System32\SHCORE.dll
0x00007fff22f50000 - 0x00007fff22fad000 	C:\WINDOWS\System32\shlwapi.dll
0x00007fff211b0000 - 0x00007fff211de000 	C:\WINDOWS\SYSTEM32\profapi.dll
0x00007ffeebb10000 - 0x00007ffeebb29000 	C:\Program Files\Java\jdk-17\bin\net.dll
0x00007fff15f30000 - 0x00007fff1604e000 	C:\WINDOWS\SYSTEM32\WINHTTP.dll
0x00007fff206f0000 - 0x00007fff2075a000 	C:\WINDOWS\system32\mswsock.dll
0x00007ffeebaf0000 - 0x00007ffeebb06000 	C:\Program Files\Java\jdk-17\bin\nio.dll
0x00007ffeeb940000 - 0x00007ffeeb958000 	C:\Program Files\Java\jdk-17\bin\zip.dll
0x00007fff15c20000 - 0x00007fff15c2e000 	C:\Program Files\Java\jdk-17\bin\sunmscapi.dll
0x00007fff219f0000 - 0x00007fff21b66000 	C:\WINDOWS\System32\CRYPT32.dll
0x00007fff20b90000 - 0x00007fff20bc0000 	C:\WINDOWS\SYSTEM32\ncrypt.dll
0x00007fff20b40000 - 0x00007fff20b7f000 	C:\WINDOWS\SYSTEM32\NTASN1.dll

dbghelp: loaded successfully - version: 4.0.5 - missing functions: none
symbol engine: initialized successfully - sym options: 0x614 - pdb path: .;C:\Program Files\Java\jdk-17\bin;C:\WINDOWS\SYSTEM32;C:\WINDOWS\WinSxS\amd64_microsoft.windows.common-controls_6595b64144ccf1df_6.0.26100.3037_none_3e09262ce333c378;C:\Program Files\Java\jdk-17\bin\server

VM Arguments:
jvm_args: -Dfile.encoding=UTF-8 
java_command: com.example.sbd_modul2_kel46.SbdModul2Kel46Application
java_class_path (initial): D:\Fattah\KULIAH\Semester 6\Praktikum Sistem Basis Data\Modul 2\sbd_modul2_kel46\target\classes;C:\Users\fatta\.m2\repository\org\springframework\boot\spring-boot-starter-jdbc\3.4.3\spring-boot-starter-jdbc-3.4.3.jar;C:\Users\fatta\.m2\repository\org\springframework\boot\spring-boot-starter\3.4.3\spring-boot-starter-3.4.3.jar;C:\Users\fatta\.m2\repository\org\springframework\boot\spring-boot\3.4.3\spring-boot-3.4.3.jar;C:\Users\fatta\.m2\repository\org\springframework\boot\spring-boot-autoconfigure\3.4.3\spring-boot-autoconfigure-3.4.3.jar;C:\Users\fatta\.m2\repository\org\springframework\boot\spring-boot-starter-logging\3.4.3\spring-boot-starter-logging-3.4.3.jar;C:\Users\fatta\.m2\repository\ch\qos\logback\logback-classic\1.5.16\logback-classic-1.5.16.jar;C:\Users\fatta\.m2\repository\ch\qos\logback\logback-core\1.5.16\logback-core-1.5.16.jar;C:\Users\fatta\.m2\repository\org\apache\logging\log4j\log4j-to-slf4j\2.24.3\log4j-to-slf4j-2.24.3.jar;C:\Users\fatta\.m2\repository\org\apache\logging\log4j\log4j-api\2.24.3\log4j-api-2.24.3.jar;C:\Users\fatta\.m2\repository\org\slf4j\jul-to-slf4j\2.0.16\jul-to-slf4j-2.0.16.jar;C:\Users\fatta\.m2\repository\jakarta\annotation\jakarta.annotation-api\2.1.1\jakarta.annotation-api-2.1.1.jar;C:\Users\fatta\.m2\repository\org\yaml\snakeyaml\2.3\snakeyaml-2.3.jar;C:\Users\fatta\.m2\repository\com\zaxxer\HikariCP\5.1.0\HikariCP-5.1.0.jar;C:\Users\fatta\.m2\repository\org\slf4j\slf4j-api\2.0.16\slf4j-api-2.0.16.jar;C:\Users\fatta\.m2\repository\org\springframework\spring-jdbc\6.2.3\spring-jdbc-6.2.3.jar;C:\Users\fatta\.m2\repository\org\springframework\spring-beans\6.2.3\spring-beans-6.2.3.jar;C:\Users\fatta\.m2\repository\org\springframework\spring-tx\6.2.3\spring-tx-6.2.3.jar;C:\Users\fatta\.m2\repository\org\springframework\boot\spring-boot-starter-thymeleaf\3.4.3\spring-boot-starter-thymeleaf-3.4.3.jar;C:\Users\fatta\.m2\repository\org\thymeleaf\thymeleaf-spring6\3.1.3.RELEASE\thymeleaf-spring6-3.1.3.
Launcher Type: SUN_STANDARD

[Global flags]
     intx CICompilerCount                          = 12                                        {product} {ergonomic}
     uint ConcGCThreads                            = 3                                         {product} {ergonomic}
     uint G1ConcRefinementThreads                  = 13                                        {product} {ergonomic}
   size_t G1HeapRegionSize                         = 4194304                                   {product} {ergonomic}
    uintx GCDrainStackTargetSize                   = 64                                        {product} {ergonomic}
   size_t InitialHeapSize                          = 331350016                                 {product} {ergonomic}
   size_t MarkStackSize                            = 4194304                                   {product} {ergonomic}
   size_t MaxHeapSize                              = 5293211648                                {product} {ergonomic}
   size_t MaxNewSize                               = 3175088128                                {product} {ergonomic}
   size_t MinHeapDeltaBytes                        = 4194304                                   {product} {ergonomic}
   size_t MinHeapSize                              = 8388608                                   {product} {ergonomic}
    uintx NonNMethodCodeHeapSize                   = 7602480                                {pd product} {ergonomic}
    uintx NonProfiledCodeHeapSize                  = 122027880                              {pd product} {ergonomic}
    uintx ProfiledCodeHeapSize                     = 122027880                              {pd product} {ergonomic}
    uintx ReservedCodeCacheSize                    = 251658240                              {pd product} {ergonomic}
     bool SegmentedCodeCache                       = true                                      {product} {ergonomic}
   size_t SoftMaxHeapSize                          = 5293211648                             {manageable} {ergonomic}
     bool UseCompressedClassPointers               = true                           {product lp64_product} {ergonomic}
     bool UseCompressedOops                        = true                           {product lp64_product} {ergonomic}
     bool UseG1GC                                  = true                                      {product} {ergonomic}
     bool UseLargePagesIndividualAllocation        = false                                  {pd product} {ergonomic}

Logging:
Log output configuration:
 #0: stdout all=warning uptime,level,tags
 #1: stderr all=off uptime,level,tags

Environment Variables:
JAVA_HOME=C:\Program Files\Java\jdk-17
PATH=C:\app\fatta\product\21c\dbhomeXE\bin;C:\Python312\Scripts\;C:\Python312\;C:\WINDOWS\system32;C:\WINDOWS;C:\WINDOWS\System32\Wbem;C:\WINDOWS\System32\WindowsPowerShell\v1.0\;C:\WINDOWS\System32\OpenSSH\;C:\Program Files\dotnet\;C:\ProgramData\chocolatey\bin;C:\Program Files\nodejs\;C:\Program Files (x86)\NVIDIA Corporation\PhysX\Common;C:\Program Files\Java\jdk-23;C:\Program Files\Git\cmd;C:\Program Files (x86)\xanpp\php;;C:\Program Files\NVIDIA Corporation\NVIDIA app\NvDLISR;D:\Fattah\College APP\xampp\php;C:\ProgramData\ComposerSetup\bin;D:\Fattah\College APP\CoIDE_V2Beta\gcc\bin;D:\Fattah\College APP\CoIDE_V2Beta\bin;C:\Program Files (x86)\GNU Tools ARM Embedded\5.4 2016q3\bin;C:\Users\fatta\.console-ninja\.bin;C:\Users\fatta\AppData\Local\Microsoft\WindowsApps;C:\Users\fatta\AppData\Local\Muse Hub\lib;D:\Fattah\College APP\Microsoft VS Code\bin;C:\Users\fatta\AppData\Roaming\npm;C:\Users\fatta\AppData\Roaming\Local\Android\Sdk;C:\flutter\src\flutter\bin;C:\Users\fatta\AppData\Local\Android\Sdk;C:\Program Files\Java\jdk-23\bin;C:\Users\fatta\AppData\Local\Programs\mongosh\;C:\Users\fatta\AppData\Local\Microsoft\WindowsApps;C:\Users\fatta\.lmstudio\bin;C:\Users\fatta\AppData\Roaming\Composer\vendor\bin
USERNAME=fatta
OS=Windows_NT
PROCESSOR_IDENTIFIER=Intel64 Family 6 Model 183 Stepping 1, GenuineIntel



---------------  S Y S T E M  ---------------

OS:
 Windows 11 , 64 bit Build 26100 (10.0.26100.3037)
OS uptime: 0 days 10:15 hours
Hyper-V role detected

CPU: total 16 (initial active 16) (8 cores per cpu, 2 threads per core) family 6 model 183 stepping 1 microcode 0x125, cx8, cmov, fxsr, ht, mmx, 3dnowpref, sse, sse2, sse3, ssse3, sse4.1, sse4.2, popcnt, lzcnt, tsc, tscinvbit, avx, avx2, aes, erms, clmul, bmi1, bmi2, adx, sha, fma, vzeroupper, clflush, clflushopt, clwb, hv

Memory: 4k page, system-wide physical 20187M (6278M free)
TotalPageFile size 20187M (AvailPageFile size 5M)
current process WorkingSet (physical memory assigned to process): 135M, peak: 135M
current process commit charge ("private bytes"): 478M, peak: 478M

vm_info: Java HotSpot(TM) 64-Bit Server VM (17.0.12+8-LTS-286) for windows-amd64 JRE (17.0.12+8-LTS-286), built on Jun  5 2024 06:46:59 by "mach5one" with MS VC++ 17.6 (VS2022)

END.
