#
# There is insufficient memory for the Java Runtime Environment to continue.
# Native memory allocation (mmap) failed to map 331350016 bytes for G1 virtual space
# Possible reasons:
#   The system is out of physical RAM or swap space
#   The process is running with CompressedOops enabled, and the Java Heap may be blocking the growth of the native heap
# Possible solutions:
#   Reduce memory load on the system
#   Increase physical memory or swap space
#   Check if swap backing store is full
#   Decrease Java heap size (-Xmx/-Xms)
#   Decrease number of Java threads
#   Decrease Java thread stack sizes (-Xss)
#   Set larger code cache with -XX:ReservedCodeCacheSize=
#   JVM is running with Zero Based Compressed Oops mode in which the Java heap is
#     placed in the first 32GB address space. The Java Heap base address is the
#     maximum limit for the native heap growth. Please use -XX:HeapBaseMinAddress
#     to set the Java Heap base and to place the Java Heap above 32GB virtual address.
# This output file may be truncated or incomplete.
#
#  Out of Memory Error (os_windows.cpp:3548), pid=26136, tid=25500
#
# JRE version:  (17.0.12+8) (build )
# Java VM: Java HotSpot(TM) 64-Bit Server VM (17.0.12+8-LTS-286, mixed mode, sharing, tiered, compressed oops, compressed class ptrs, g1 gc, windows-amd64)
# No core dump will be written. Minidumps are not enabled by default on client versions of Windows
#

---------------  S U M M A R Y ------------

Command Line: -Dfile.encoding=UTF-8 com.example.sbd_modul2_kel46.SbdModul2Kel46Application

Host: 13th Gen Intel(R) Core(TM) i5-13450HX, 16 cores, 19G,  Windows 11 , 64 bit Build 26100 (10.0.26100.3037)
Time: Sun Mar  2 09:42:00 2025 SE Asia Standard Time elapsed time: 1.075287 seconds (0d 0h 0m 1s)

---------------  T H R E A D  ---------------

Current thread (0x0000019ba9def140):  JavaThread "Unknown thread" [_thread_in_vm, id=25500, stack(0x00000007a6300000,0x00000007a6400000)]

Stack: [0x00000007a6300000,0x00000007a6400000]
Native frames: (J=compiled Java code, j=interpreted, Vv=VM code, C=native code)
V  [jvm.dll+0x67a04a]
V  [jvm.dll+0x7da4ed]
V  [jvm.dll+0x7dbe33]
V  [jvm.dll+0x7dc4a3]
V  [jvm.dll+0x24508f]
V  [jvm.dll+0x677089]
V  [jvm.dll+0x66bd32]
V  [jvm.dll+0x301fa6]
V  [jvm.dll+0x309546]
V  [jvm.dll+0x359d2e]
V  [jvm.dll+0x359f5f]
V  [jvm.dll+0x2d9078]
V  [jvm.dll+0x2d9fe4]
V  [jvm.dll+0x7aca21]
V  [jvm.dll+0x367591]
V  [jvm.dll+0x78b999]
V  [jvm.dll+0x3ec83f]
V  [jvm.dll+0x3ee471]
C  [jli.dll+0x5297]
C  [ucrtbase.dll+0x37b0]
C  [KERNEL32.DLL+0x2e8d7]
C  [ntdll.dll+0xbbf2c]


---------------  P R O C E S S  ---------------

Threads class SMR info:
_java_thread_list=0x00007ffe48747a18, length=0, elements={
}

Java Threads: ( => current thread )

Other Threads:
  0x0000019ba9e66f70 GCTaskThread "GC Thread#0" [stack: 0x00000007a6400000,0x00000007a6500000] [id=23040]
  0x0000019ba9e71cf0 ConcurrentGCThread "G1 Main Marker" [stack: 0x00000007a6500000,0x00000007a6600000] [id=28408]
  0x0000019ba9e747d0 ConcurrentGCThread "G1 Conc#0" [stack: 0x00000007a6600000,0x00000007a6700000] [id=27468]

[error occurred during error reporting (printing all threads), id 0xc0000005, EXCEPTION_ACCESS_VIOLATION (0xc0000005) at pc=0x00007ffe47f79b67]

VM state: not at safepoint (not fully initialized)

VM Mutex/Monitor currently owned by a thread:  ([mutex/lock_event])
[0x0000019ba9de9c50] Heap_lock - owner thread: 0x0000019ba9def140

Heap address: 0x00000004ad800000, size: 5048 MB, Compressed Oops mode: Zero based, Oop shift amount: 3

CDS archive(s) mapped at: [0x0000000000000000-0x0000000000000000-0x0000000000000000), size 0, SharedBaseAddress: 0x0000000800000000, ArchiveRelocationMode: 1.
Narrow klass base: 0x0000000000000000, Narrow klass shift: 0, Narrow klass range: 0x0

GC Precious Log:
<Empty>

Heap:
 garbage-first heap   total 0K, used 0K [0x00000004ad800000, 0x00000005e9000000)
  region size 4096K, 0 young (0K), 0 survivors (0K)

[error occurred during error reporting (printing heap information), id 0xc0000005, EXCEPTION_ACCESS_VIOLATION (0xc0000005) at pc=0x00007ffe48363859]

GC Heap History (0 events):
No events

Deoptimization events (0 events):
No events

Classes unloaded (0 events):
No events

Classes redefined (0 events):
No events

Internal exceptions (0 events):
No events

VM Operations (0 events):
No events

Events (1 events):
Event: 0.005 Loaded shared library C:\Program Files\Java\jdk-17\bin\java.dll


Dynamic libraries:
0x00007ff7b9270000 - 0x00007ff7b9280000 	C:\Program Files\Java\jdk-17\bin\java.exe
0x00007fff23f00000 - 0x00007fff24163000 	C:\WINDOWS\SYSTEM32\ntdll.dll
0x00007fff22e80000 - 0x00007fff22f47000 	C:\WINDOWS\System32\KERNEL32.DLL
0x00007fff214d0000 - 0x00007fff21897000 	C:\WINDOWS\System32\KERNELBASE.dll
0x00007fff218a0000 - 0x00007fff219ec000 	C:\WINDOWS\System32\ucrtbase.dll
0x00007ffeedba0000 - 0x00007ffeedbbb000 	C:\Program Files\Java\jdk-17\bin\VCRUNTIME140.dll
0x00007fff15c50000 - 0x00007fff15c69000 	C:\Program Files\Java\jdk-17\bin\jli.dll
0x00007fff23340000 - 0x00007fff233f4000 	C:\WINDOWS\System32\ADVAPI32.dll
0x00007fff22db0000 - 0x00007fff22e59000 	C:\WINDOWS\System32\msvcrt.dll
0x00007fff22520000 - 0x00007fff225c6000 	C:\WINDOWS\System32\sechost.dll
0x00007fff23da0000 - 0x00007fff23eb6000 	C:\WINDOWS\System32\RPCRT4.dll
0x00007fff23010000 - 0x00007fff231d9000 	C:\WINDOWS\System32\USER32.dll
0x00007fff213e0000 - 0x00007fff21407000 	C:\WINDOWS\System32\win32u.dll
0x00007fff03250000 - 0x00007fff034e0000 	C:\WINDOWS\WinSxS\amd64_microsoft.windows.common-controls_6595b64144ccf1df_6.0.26100.3037_none_3e09262ce333c378\COMCTL32.dll
0x00007fff22fd0000 - 0x00007fff22ffa000 	C:\WINDOWS\System32\GDI32.dll
0x00007fff21b70000 - 0x00007fff21c9b000 	C:\WINDOWS\System32\gdi32full.dll
0x00007fff21330000 - 0x00007fff213d3000 	C:\WINDOWS\System32\msvcp_win.dll
0x00007fff16660000 - 0x00007fff1666b000 	C:\WINDOWS\SYSTEM32\VERSION.dll
0x00007fff22430000 - 0x00007fff2245f000 	C:\WINDOWS\System32\IMM32.DLL
0x00007fff15b90000 - 0x00007fff15b9c000 	C:\Program Files\Java\jdk-17\bin\vcruntime140_1.dll
0x00007ffeeb8b0000 - 0x00007ffeeb93e000 	C:\Program Files\Java\jdk-17\bin\msvcp140.dll
0x00007ffe47c90000 - 0x00007ffe48870000 	C:\Program Files\Java\jdk-17\bin\server\jvm.dll
0x00007fff22e60000 - 0x00007fff22e68000 	C:\WINDOWS\System32\PSAPI.DLL
0x00007fff16990000 - 0x00007fff169c6000 	C:\WINDOWS\SYSTEM32\WINMM.dll
0x00007ffef37f0000 - 0x00007ffef37fa000 	C:\WINDOWS\SYSTEM32\WSOCK32.dll
0x00007fff22d20000 - 0x00007fff22d94000 	C:\WINDOWS\System32\WS2_32.dll
0x00007fff20120000 - 0x00007fff2013a000 	C:\WINDOWS\SYSTEM32\kernel.appcore.dll
0x00007ffeec410000 - 0x00007ffeec41a000 	C:\Program Files\Java\jdk-17\bin\jimage.dll
0x00007fff1eb20000 - 0x00007fff1ed61000 	C:\WINDOWS\SYSTEM32\DBGHELP.DLL
0x00007fff226c0000 - 0x00007fff22a3e000 	C:\WINDOWS\System32\combase.dll
0x00007fff23460000 - 0x00007fff23536000 	C:\WINDOWS\System32\OLEAUT32.dll
0x00007fff007b0000 - 0x00007fff007e9000 	C:\WINDOWS\SYSTEM32\dbgcore.DLL
0x00007fff21ca0000 - 0x00007fff21d39000 	C:\WINDOWS\System32\bcryptPrimitives.dll
0x00007ffeebc10000 - 0x00007ffeebc35000 	C:\Program Files\Java\jdk-17\bin\java.dll

dbghelp: loaded successfully - version: 4.0.5 - missing functions: none
symbol engine: initialized successfully - sym options: 0x614 - pdb path: .;C:\Program Files\Java\jdk-17\bin;C:\WINDOWS\SYSTEM32;C:\WINDOWS\WinSxS\amd64_microsoft.windows.common-controls_6595b64144ccf1df_6.0.26100.3037_none_3e09262ce333c378;C:\Program Files\Java\jdk-17\bin\server

VM Arguments:
jvm_args: -Dfile.encoding=UTF-8 
java_command: com.example.sbd_modul2_kel46.SbdModul2Kel46Application
java_class_path (initial): D:\Fattah\KULIAH\Semester 6\Praktikum Sistem Basis Data\Modul 2\sbd_modul2_kel46\target\classes;C:\Users\fatta\.m2\repository\org\springframework\boot\spring-boot-starter-jdbc\3.4.3\spring-boot-starter-jdbc-3.4.3.jar;C:\Users\fatta\.m2\repository\org\springframework\boot\spring-boot-starter\3.4.3\spring-boot-starter-3.4.3.jar;C:\Users\fatta\.m2\repository\org\springframework\boot\spring-boot\3.4.3\spring-boot-3.4.3.jar;C:\Users\fatta\.m2\repository\org\springframework\boot\spring-boot-autoconfigure\3.4.3\spring-boot-autoconfigure-3.4.3.jar;C:\Users\fatta\.m2\repository\org\springframework\boot\spring-boot-starter-logging\3.4.3\spring-boot-starter-logging-3.4.3.jar;C:\Users\fatta\.m2\repository\ch\qos\logback\logback-classic\1.5.16\logback-classic-1.5.16.jar;C:\Users\fatta\.m2\repository\ch\qos\logback\logback-core\1.5.16\logback-core-1.5.16.jar;C:\Users\fatta\.m2\repository\org\apache\logging\log4j\log4j-to-slf4j\2.24.3\log4j-to-slf4j-2.24.3.jar;C:\Users\fatta\.m2\repository\org\apache\logging\log4j\log4j-api\2.24.3\log4j-api-2.24.3.jar;C:\Users\fatta\.m2\repository\org\slf4j\jul-to-slf4j\2.0.16\jul-to-slf4j-2.0.16.jar;C:\Users\fatta\.m2\repository\jakarta\annotation\jakarta.annotation-api\2.1.1\jakarta.annotation-api-2.1.1.jar;C:\Users\fatta\.m2\repository\org\yaml\snakeyaml\2.3\snakeyaml-2.3.jar;C:\Users\fatta\.m2\repository\com\zaxxer\HikariCP\5.1.0\HikariCP-5.1.0.jar;C:\Users\fatta\.m2\repository\org\slf4j\slf4j-api\2.0.16\slf4j-api-2.0.16.jar;C:\Users\fatta\.m2\repository\org\springframework\spring-jdbc\6.2.3\spring-jdbc-6.2.3.jar;C:\Users\fatta\.m2\repository\org\springframework\spring-beans\6.2.3\spring-beans-6.2.3.jar;C:\Users\fatta\.m2\repository\org\springframework\spring-tx\6.2.3\spring-tx-6.2.3.jar;C:\Users\fatta\.m2\repository\org\springframework\boot\spring-boot-starter-thymeleaf\3.4.3\spring-boot-starter-thymeleaf-3.4.3.jar;C:\Users\fatta\.m2\repository\org\thymeleaf\thymeleaf-spring6\3.1.3.RELEASE\thymeleaf-spring6-3.1.3.
Launcher Type: SUN_STANDARD

[Global flags]
     intx CICompilerCount                          = 12                                        {product} {ergonomic}
     uint ConcGCThreads                            = 3                                         {product} {ergonomic}
     uint G1ConcRefinementThreads                  = 13                                        {product} {ergonomic}
   size_t G1HeapRegionSize                         = 4194304                                   {product} {ergonomic}
    uintx GCDrainStackTargetSize                   = 64                                        {product} {ergonomic}
   size_t InitialHeapSize                          = 331350016                                 {product} {ergonomic}
   size_t MarkStackSize                            = 4194304                                   {product} {ergonomic}
   size_t MaxHeapSize                              = 5293211648                                {product} {ergonomic}
   size_t MinHeapDeltaBytes                        = 4194304                                   {product} {ergonomic}
   size_t MinHeapSize                              = 8388608                                   {product} {ergonomic}
    uintx NonNMethodCodeHeapSize                   = 7602480                                {pd product} {ergonomic}
    uintx NonProfiledCodeHeapSize                  = 122027880                              {pd product} {ergonomic}
    uintx ProfiledCodeHeapSize                     = 122027880                              {pd product} {ergonomic}
    uintx ReservedCodeCacheSize                    = 251658240                              {pd product} {ergonomic}
     bool SegmentedCodeCache                       = true                                      {product} {ergonomic}
   size_t SoftMaxHeapSize                          = 5293211648                             {manageable} {ergonomic}
     bool UseCompressedClassPointers               = true                           {product lp64_product} {ergonomic}
     bool UseCompressedOops                        = true                           {product lp64_product} {ergonomic}
     bool UseG1GC                                  = true                                      {product} {ergonomic}
     bool UseLargePagesIndividualAllocation        = false                                  {pd product} {ergonomic}

Logging:
Log output configuration:
 #0: stdout all=warning uptime,level,tags
 #1: stderr all=off uptime,level,tags

Environment Variables:
JAVA_HOME=C:\Program Files\Java\jdk-17
PATH=C:\app\fatta\product\21c\dbhomeXE\bin;C:\Python312\Scripts\;C:\Python312\;C:\WINDOWS\system32;C:\WINDOWS;C:\WINDOWS\System32\Wbem;C:\WINDOWS\System32\WindowsPowerShell\v1.0\;C:\WINDOWS\System32\OpenSSH\;C:\Program Files\dotnet\;C:\ProgramData\chocolatey\bin;C:\Program Files\nodejs\;C:\Program Files (x86)\NVIDIA Corporation\PhysX\Common;C:\Program Files\Java\jdk-23;C:\Program Files\Git\cmd;C:\Program Files (x86)\xanpp\php;;C:\Program Files\NVIDIA Corporation\NVIDIA app\NvDLISR;D:\Fattah\College APP\xampp\php;C:\ProgramData\ComposerSetup\bin;D:\Fattah\College APP\CoIDE_V2Beta\gcc\bin;D:\Fattah\College APP\CoIDE_V2Beta\bin;C:\Program Files (x86)\GNU Tools ARM Embedded\5.4 2016q3\bin;C:\Users\fatta\.console-ninja\.bin;C:\Users\fatta\AppData\Local\Microsoft\WindowsApps;C:\Users\fatta\AppData\Local\Muse Hub\lib;D:\Fattah\College APP\Microsoft VS Code\bin;C:\Users\fatta\AppData\Roaming\npm;C:\Users\fatta\AppData\Roaming\Local\Android\Sdk;C:\flutter\src\flutter\bin;C:\Users\fatta\AppData\Local\Android\Sdk;C:\Program Files\Java\jdk-23\bin;C:\Users\fatta\AppData\Local\Programs\mongosh\;C:\Users\fatta\AppData\Local\Microsoft\WindowsApps;C:\Users\fatta\.lmstudio\bin;C:\Users\fatta\AppData\Roaming\Composer\vendor\bin
USERNAME=fatta
OS=Windows_NT
PROCESSOR_IDENTIFIER=Intel64 Family 6 Model 183 Stepping 1, GenuineIntel



---------------  S Y S T E M  ---------------

OS:
 Windows 11 , 64 bit Build 26100 (10.0.26100.3037)
OS uptime: 0 days 10:16 hours
Hyper-V role detected

CPU: total 16 (initial active 16) (8 cores per cpu, 2 threads per core) family 6 model 183 stepping 1 microcode 0x125, cx8, cmov, fxsr, ht, mmx, 3dnowpref, sse, sse2, sse3, ssse3, sse4.1, sse4.2, popcnt, lzcnt, tsc, tscinvbit, avx, avx2, aes, erms, clmul, bmi1, bmi2, adx, sha, fma, vzeroupper, clflush, clflushopt, clwb, hv

Memory: 4k page, system-wide physical 20187M (6333M free)
TotalPageFile size 20187M (AvailPageFile size 221M)
current process WorkingSet (physical memory assigned to process): 12M, peak: 12M
current process commit charge ("private bytes"): 70M, peak: 386M

vm_info: Java HotSpot(TM) 64-Bit Server VM (17.0.12+8-LTS-286) for windows-amd64 JRE (17.0.12+8-LTS-286), built on Jun  5 2024 06:46:59 by "mach5one" with MS VC++ 17.6 (VS2022)

END.
